WARNING: In non-interactive mode release checks e.g. deprecated releases, production architectures are disabled.
%MSG-w CondDBESSource:  (NoModuleName) 23-Oct-2015 17:23:17 BST pre-events
[WARNING] You are reading tag "RecoTauTag_againstMuonMVAv1" from V1 account "frontier://FrontierProd/CMS_COND_PAT_000". The concerned Conditions might be out of date.
%MSG
23-Oct-2015 17:23:19 BST  Initiating request to open file root://xrootd.unl.edu//store/mc/RunIISpring15DR74/QCD_Pt-15to3000_TuneCUETP8M1_Flat_13TeV_pythia8/GEN-SIM-RAW/NhcalZSHFscaleFlat10to30Asympt25ns_MCRUN2_74_V9-v1/00000/000E6EAA-E44E-E511-8C25-0025905A60AA.root
%MSG-w XrdAdaptor:  file_open 23-Oct-2015 17:23:50 BST pre-events
Data is served from cern.ch instead of original site T2_US_Nebraska
%MSG
23-Oct-2015 17:23:51 BST  Successfully opened file root://xrootd.unl.edu//store/mc/RunIISpring15DR74/QCD_Pt-15to3000_TuneCUETP8M1_Flat_13TeV_pythia8/GEN-SIM-RAW/NhcalZSHFscaleFlat10to30Asympt25ns_MCRUN2_74_V9-v1/00000/000E6EAA-E44E-E511-8C25-0025905A60AA.root
Begin processing the 1st record. Run 1, Event 918145, LumiSection 4783 at 23-Oct-2015 17:24:00.194 BST
Begin processing the 201st record. Run 1, Event 1949385, LumiSection 10154 at 23-Oct-2015 17:25:49.985 BST
Begin processing the 401st record. Run 1, Event 1903313, LumiSection 9914 at 23-Oct-2015 17:27:39.023 BST
Begin processing the 601st record. Run 1, Event 5451097, LumiSection 28392 at 23-Oct-2015 17:29:28.789 BST
Begin processing the 801st record. Run 1, Event 5451873, LumiSection 28396 at 23-Oct-2015 17:31:20.954 BST
Begin processing the 1001st record. Run 1, Event 6723305, LumiSection 35018 at 23-Oct-2015 17:33:08.509 BST
Begin processing the 1201st record. Run 1, Event 7486705, LumiSection 38994 at 23-Oct-2015 17:35:09.197 BST
Begin processing the 1401st record. Run 1, Event 7621113, LumiSection 39694 at 23-Oct-2015 17:37:02.728 BST
Begin processing the 1601st record. Run 1, Event 7993409, LumiSection 41633 at 23-Oct-2015 17:38:58.159 BST
23-Oct-2015 17:40:11 BST  Closed file root://xrootd.unl.edu//store/mc/RunIISpring15DR74/QCD_Pt-15to3000_TuneCUETP8M1_Flat_13TeV_pythia8/GEN-SIM-RAW/NhcalZSHFscaleFlat10to30Asympt25ns_MCRUN2_74_V9-v1/00000/000E6EAA-E44E-E511-8C25-0025905A60AA.root
23-Oct-2015 17:40:11 BST  Initiating request to open file root://xrootd.unl.edu//store/mc/RunIISpring15DR74/QCD_Pt-15to3000_TuneCUETP8M1_Flat_13TeV_pythia8/GEN-SIM-RAW/NhcalZSHFscaleFlat10to30Asympt25ns_MCRUN2_74_V9-v1/00000/003BEF9B-C24E-E511-B4B7-0025905A609E.root
%MSG-w XrdAdaptor:  file_open 23-Oct-2015 17:40:17 BST PostProcessEvent
Data is served from cern.ch instead of original site T2_US_Nebraska
%MSG
23-Oct-2015 17:40:17 BST  Successfully opened file root://xrootd.unl.edu//store/mc/RunIISpring15DR74/QCD_Pt-15to3000_TuneCUETP8M1_Flat_13TeV_pythia8/GEN-SIM-RAW/NhcalZSHFscaleFlat10to30Asympt25ns_MCRUN2_74_V9-v1/00000/003BEF9B-C24E-E511-B4B7-0025905A609E.root
Begin processing the 1801st record. Run 1, Event 6377545, LumiSection 33217 at 23-Oct-2015 17:41:00.925 BST
Begin processing the 2001st record. Run 1, Event 7877073, LumiSection 41027 at 23-Oct-2015 17:43:03.620 BST
Begin processing the 2201st record. Run 1, Event 7879193, LumiSection 41038 at 23-Oct-2015 17:45:06.768 BST
Begin processing the 2401st record. Run 1, Event 7885921, LumiSection 41073 at 23-Oct-2015 17:47:14.643 BST
Begin processing the 2601st record. Run 1, Event 6454569, LumiSection 33618 at 23-Oct-2015 17:49:04.238 BST
Begin processing the 2801st record. Run 1, Event 6457649, LumiSection 33634 at 23-Oct-2015 17:51:07.373 BST
Begin processing the 3001st record. Run 1, Event 6654457, LumiSection 34659 at 23-Oct-2015 17:52:58.891 BST
Begin processing the 3201st record. Run 1, Event 6658305, LumiSection 34679 at 23-Oct-2015 17:54:47.646 BST
Begin processing the 3401st record. Run 1, Event 6479369, LumiSection 33747 at 23-Oct-2015 17:56:39.256 BST
Begin processing the 3601st record. Run 1, Event 6592273, LumiSection 34335 at 23-Oct-2015 17:58:37.973 BST
Begin processing the 3801st record. Run 1, Event 6761625, LumiSection 35217 at 23-Oct-2015 18:00:23.418 BST
Begin processing the 4001st record. Run 1, Event 7062113, LumiSection 36782 at 23-Oct-2015 18:02:12.881 BST
23-Oct-2015 18:02:29 BST  Closed file root://xrootd.unl.edu//store/mc/RunIISpring15DR74/QCD_Pt-15to3000_TuneCUETP8M1_Flat_13TeV_pythia8/GEN-SIM-RAW/NhcalZSHFscaleFlat10to30Asympt25ns_MCRUN2_74_V9-v1/00000/003BEF9B-C24E-E511-B4B7-0025905A609E.root

TrigReport ---------- Event  Summary ------------
TrigReport Events total = 4032 passed = 4032 failed = 0

TrigReport ---------- Path   Summary ------------
TrigReport  Trig Bit#   Executed     Passed     Failed      Error Name
TrigReport     1    0       4032       4032          0          0 p

TrigReport -------End-Path   Summary ------------
TrigReport  Trig Bit#   Executed     Passed     Failed      Error Name

TrigReport ---------- Modules in Path: p ------------
TrigReport  Trig Bit#    Visited     Passed     Failed      Error Name
TrigReport     1    0       4032       4032          0          0 ecalDigis
TrigReport     1    1       4032       4032          0          0 hcalDigis
TrigReport     1    2       4032       4032          0          0 caloStage2Layer1Digis
TrigReport     1    3       4032       4032          0          0 caloStage2Digis
TrigReport     1    4       4032       4032          0          0 stage2JetToL1Jet
TrigReport     1    5       4032       4032          0          0 l1UpgradeTreeProducer
TrigReport     1    6       4032       4032          0          0 genJetToL1JetAk4
TrigReport     1    7       4032       4032          0          0 l1ExtraTreeProducerGenAk4
TrigReport     1    8       4032       4032          0          0 puInfo

TrigReport ---------- Module Summary ------------
TrigReport    Visited   Executed     Passed     Failed      Error Name
TrigReport       4032       4032       4032          0          0 ecalDigis
TrigReport       4032       4032       4032          0          0 hcalDigis
TrigReport       4032       4032       4032          0          0 caloStage2Layer1Digis
TrigReport       4032       4032       4032          0          0 caloStage2Digis
TrigReport       4032       4032       4032          0          0 stage2JetToL1Jet
TrigReport       4032       4032       4032          0          0 l1UpgradeTreeProducer
TrigReport       4032       4032       4032          0          0 genJetToL1JetAk4
TrigReport       4032       4032       4032          0          0 l1ExtraTreeProducerGenAk4
TrigReport       4032       4032       4032          0          0 puInfo
TrigReport       4032       4032       4032          0          0 TriggerResults

TimeReport ---------- Event  Summary ---[sec]----
TimeReport       event loop CPU/event = 0.516840
TimeReport      event loop Real/event = 0.574077
TimeReport     sum Streams Real/event = 0.563434
TimeReport efficiency CPU/Real/thread = 0.900299

TimeReport ---------- Path   Summary ---[Real sec]----
TimeReport  per event     per exec  Name
TimeReport   0.558028     0.558028  p
TimeReport  per event     per exec  Name

TimeReport -------End-Path   Summary ---[Real sec]----
TimeReport  per event     per exec  Name
TimeReport  per event     per exec  Name

TimeReport ---------- Modules in Path: p ---[Real sec]----
TimeReport  per event    per visit  Name
TimeReport   0.003417     0.003417  ecalDigis
TimeReport   0.002896     0.002896  hcalDigis
TimeReport   0.003384     0.003384  caloStage2Layer1Digis
TimeReport   0.493227     0.493227  caloStage2Digis
TimeReport   0.000039     0.000039  stage2JetToL1Jet
TimeReport   0.000129     0.000129  l1UpgradeTreeProducer
TimeReport   0.000033     0.000033  genJetToL1JetAk4
TimeReport   0.000268     0.000268  l1ExtraTreeProducerGenAk4
TimeReport   0.000017     0.000017  puInfo
TimeReport  per event    per visit  Name

TimeReport ---------- Module Summary ---[Real sec]----
TimeReport  per event     per exec    per visit  Name
TimeReport   0.000036     0.000036     0.000036  TriggerResults
TimeReport   0.003417     0.003417     0.003417  ecalDigis
TimeReport   0.002896     0.002896     0.002896  hcalDigis
TimeReport   0.003384     0.003384     0.003384  caloStage2Layer1Digis
TimeReport   0.493227     0.493227     0.493227  caloStage2Digis
TimeReport   0.000039     0.000039     0.000039  stage2JetToL1Jet
TimeReport   0.000129     0.000129     0.000129  l1UpgradeTreeProducer
TimeReport   0.000033     0.000033     0.000033  genJetToL1JetAk4
TimeReport   0.000268     0.000268     0.000268  l1ExtraTreeProducerGenAk4
TimeReport   0.000017     0.000017     0.000017  puInfo
TimeReport  per event     per exec    per visit  Name

T---Report end!


=============================================

MessageLogger Summary

 type     category        sev    module        subroutine        count    total
 ---- -------------------- -- ---------------- ----------------  -----    -----
    1 CondDBESSource       -w (NoModuleName)                         1        1
    2 XrdAdaptor           -w file_open                              2        2
    3 fileAction           -s file_close                             2        2
    4 fileAction           -s file_open                              4        4

 type    category    Examples: run/evt        run/evt          run/evt
 ---- -------------------- ---------------- ---------------- ----------------
    1 CondDBESSource       pre-events                        
    2 XrdAdaptor           pre-events       PostProcessEvent 
    3 fileAction           PostProcessEvent PostEndRun       
    4 fileAction           pre-events       pre-events       PostProcessEvent

Severity    # Occurrences   Total Occurrences
--------    -------------   -----------------
Warning                 3                   3
System                  6                   6
	Command being timed: "cmsRun wrapper.py"
	User time (seconds): 2085.41
	System time (seconds): 22.96
	Percent of CPU this job got: 87%
	Elapsed (wall clock) time (h:mm:ss or m:ss): 40:01.91
	Average shared text size (kbytes): 0
	Average unshared data size (kbytes): 0
	Average stack size (kbytes): 0
	Average total size (kbytes): 0
	Maximum resident set size (kbytes): 1417888
	Average resident set size (kbytes): 0
	Major (requiring I/O) page faults: 4794
	Minor (reclaiming a frame) page faults: 11033365
	Voluntary context switches: 325075
	Involuntary context switches: 11094
	Swaps: 0
	File system inputs: 1176392
	File system outputs: 32832
	Socket messages sent: 0
	Socket messages received: 0
	Signals delivered: 0
	Page size (bytes): 4096
	Exit status: 0
