000 (153390.000.000) 10/24 16:42:29 Job submitted from host: <137.222.74.99:36673>
...
001 (153390.000.000) 10/24 16:49:38 Job executing on host: <10.129.5.102:35180>
...
006 (153390.000.000) 10/24 16:49:46 Image size of job updated: 7
	3  -  MemoryUsage of job (MB)
	2488  -  ResidentSetSize of job (KB)
...
006 (153390.000.000) 10/24 16:54:46 Image size of job updated: 671712
	317  -  MemoryUsage of job (MB)
	324176  -  ResidentSetSize of job (KB)
...
006 (153390.000.000) 10/24 16:59:46 Image size of job updated: 671712
	319  -  MemoryUsage of job (MB)
	326420  -  ResidentSetSize of job (KB)
...
006 (153390.000.000) 10/24 17:04:46 Image size of job updated: 671712
	320  -  MemoryUsage of job (MB)
	326764  -  ResidentSetSize of job (KB)
...
006 (153390.000.000) 10/24 17:09:47 Image size of job updated: 671712
	320  -  MemoryUsage of job (MB)
	327240  -  ResidentSetSize of job (KB)
...
006 (153390.000.000) 10/24 17:14:47 Image size of job updated: 671712
	325  -  MemoryUsage of job (MB)
	332372  -  ResidentSetSize of job (KB)
...
006 (153390.000.000) 10/24 17:19:47 Image size of job updated: 671712
	325  -  MemoryUsage of job (MB)
	332392  -  ResidentSetSize of job (KB)
...
006 (153390.000.000) 10/24 17:24:48 Image size of job updated: 671712
	325  -  MemoryUsage of job (MB)
	332416  -  ResidentSetSize of job (KB)
...
006 (153390.000.000) 10/24 17:29:48 Image size of job updated: 671712
	325  -  MemoryUsage of job (MB)
	332484  -  ResidentSetSize of job (KB)
...
005 (153390.000.000) 10/24 17:33:12 Job terminated.
	(1) Normal termination (return value 0)
		Usr 0 00:37:02, Sys 0 00:00:22  -  Run Remote Usage
		Usr 0 00:00:00, Sys 0 00:00:00  -  Run Local Usage
		Usr 0 00:37:02, Sys 0 00:00:22  -  Total Remote Usage
		Usr 0 00:00:00, Sys 0 00:00:00  -  Total Local Usage
	110814  -  Run Bytes Sent By Job
	12811  -  Run Bytes Received By Job
	110814  -  Total Bytes Sent By Job
	12811  -  Total Bytes Received By Job
	Partitionable Resources :    Usage  Request Allocated
	   Cpus                 :                 1         1
	   Disk (KB)            :   165190   512000    514836
	   Memory (MB)          :      325     2048      2048
...
