000 (153389.000.000) 10/24 14:06:01 Job submitted from host: <137.222.74.99:36673>
...
001 (153389.000.000) 10/24 14:10:46 Job executing on host: <10.129.5.104:38700>
...
006 (153389.000.000) 10/24 14:10:55 Image size of job updated: 91532
	17  -  MemoryUsage of job (MB)
	16616  -  ResidentSetSize of job (KB)
...
006 (153389.000.000) 10/24 14:15:56 Image size of job updated: 727816
	341  -  MemoryUsage of job (MB)
	348672  -  ResidentSetSize of job (KB)
...
006 (153389.000.000) 10/24 14:25:56 Image size of job updated: 727816
	343  -  MemoryUsage of job (MB)
	350432  -  ResidentSetSize of job (KB)
...
006 (153389.000.000) 10/24 14:30:56 Image size of job updated: 730888
	350  -  MemoryUsage of job (MB)
	357444  -  ResidentSetSize of job (KB)
...
006 (153389.000.000) 10/24 14:35:57 Image size of job updated: 730888
	350  -  MemoryUsage of job (MB)
	357532  -  ResidentSetSize of job (KB)
...
006 (153389.000.000) 10/24 14:40:58 Image size of job updated: 730888
	350  -  MemoryUsage of job (MB)
	357620  -  ResidentSetSize of job (KB)
...
005 (153389.000.000) 10/24 14:48:36 Job terminated.
	(1) Normal termination (return value 0)
		Usr 0 00:33:22, Sys 0 00:00:20  -  Run Remote Usage
		Usr 0 00:00:00, Sys 0 00:00:00  -  Run Local Usage
		Usr 0 00:33:22, Sys 0 00:00:20  -  Total Remote Usage
		Usr 0 00:00:00, Sys 0 00:00:00  -  Total Local Usage
	112056  -  Run Bytes Sent By Job
	12811  -  Run Bytes Received By Job
	112056  -  Total Bytes Sent By Job
	12811  -  Total Bytes Received By Job
	Partitionable Resources :    Usage  Request Allocated
	   Cpus                 :                 1         1
	   Disk (KB)            :   164725   512000    514080
	   Memory (MB)          :      350     2048      2048
...
