000 (153392.000.000) 10/24 18:09:08 Job submitted from host: <137.222.74.99:36673>
...
001 (153392.000.000) 10/24 18:14:15 Job executing on host: <10.129.5.156:55262>
...
006 (153392.000.000) 10/24 18:14:24 Image size of job updated: 33192
	4  -  MemoryUsage of job (MB)
	3576  -  ResidentSetSize of job (KB)
...
006 (153392.000.000) 10/24 18:19:25 Image size of job updated: 728984
	348  -  MemoryUsage of job (MB)
	355944  -  ResidentSetSize of job (KB)
...
006 (153392.000.000) 10/24 18:24:26 Image size of job updated: 729096
	350  -  MemoryUsage of job (MB)
	358112  -  ResidentSetSize of job (KB)
...
006 (153392.000.000) 10/24 18:29:26 Image size of job updated: 729096
	351  -  MemoryUsage of job (MB)
	358476  -  ResidentSetSize of job (KB)
...
006 (153392.000.000) 10/24 18:34:27 Image size of job updated: 729096
	352  -  MemoryUsage of job (MB)
	359980  -  ResidentSetSize of job (KB)
...
006 (153392.000.000) 10/24 18:39:27 Image size of job updated: 729096
	355  -  MemoryUsage of job (MB)
	362624  -  ResidentSetSize of job (KB)
...
006 (153392.000.000) 10/24 18:44:27 Image size of job updated: 729096
	355  -  MemoryUsage of job (MB)
	363240  -  ResidentSetSize of job (KB)
...
006 (153392.000.000) 10/24 18:49:28 Image size of job updated: 729096
	356  -  MemoryUsage of job (MB)
	363952  -  ResidentSetSize of job (KB)
...
005 (153392.000.000) 10/24 18:49:59 Job terminated.
	(1) Normal termination (return value 0)
		Usr 0 00:28:19, Sys 0 00:00:28  -  Run Remote Usage
		Usr 0 00:00:00, Sys 0 00:00:00  -  Run Local Usage
		Usr 0 00:28:19, Sys 0 00:00:28  -  Total Remote Usage
		Usr 0 00:00:00, Sys 0 00:00:00  -  Total Local Usage
	112056  -  Run Bytes Sent By Job
	12811  -  Run Bytes Received By Job
	112056  -  Total Bytes Sent By Job
	12811  -  Total Bytes Received By Job
	Partitionable Resources :    Usage  Request Allocated
	   Cpus                 :                 1         1
	   Disk (KB)            :   164725   512000    513418
	   Memory (MB)          :      356     2048      2048
...
