WARNING: In non-interactive mode release checks e.g. deprecated releases, production architectures are disabled.
%MSG-w CondDBESSource:  (NoModuleName) 24-Oct-2015 16:50:55 BST pre-events
[WARNING] You are reading tag "RecoTauTag_againstMuonMVAv1" from V1 account "frontier://FrontierProd/CMS_COND_PAT_000". The concerned Conditions might be out of date.
%MSG
24-Oct-2015 16:51:11 BST  Initiating request to open file file:/hdfs/user/ra12451/003BEF9B-C24E-E511-B4B7-0025905A609E.root
24-Oct-2015 16:51:12 BST  Successfully opened file file:/hdfs/user/ra12451/003BEF9B-C24E-E511-B4B7-0025905A609E.root
Begin processing the 1st record. Run 1, Event 6377473, LumiSection 33217 at 24-Oct-2015 16:51:47.924 BST
Begin processing the 201st record. Run 1, Event 7877001, LumiSection 41027 at 24-Oct-2015 16:53:44.420 BST
Begin processing the 401st record. Run 1, Event 7879121, LumiSection 41038 at 24-Oct-2015 16:55:31.450 BST
Begin processing the 601st record. Run 1, Event 7885849, LumiSection 41073 at 24-Oct-2015 16:57:15.057 BST
Begin processing the 801st record. Run 1, Event 6454497, LumiSection 33618 at 24-Oct-2015 16:58:58.499 BST
Begin processing the 1001st record. Run 1, Event 6457577, LumiSection 33634 at 24-Oct-2015 17:00:43.741 BST
Begin processing the 1201st record. Run 1, Event 6654385, LumiSection 34659 at 24-Oct-2015 17:02:33.429 BST
Begin processing the 1401st record. Run 1, Event 6658233, LumiSection 34679 at 24-Oct-2015 17:04:22.058 BST
Begin processing the 1601st record. Run 1, Event 6479297, LumiSection 33747 at 24-Oct-2015 17:06:10.338 BST
Begin processing the 1801st record. Run 1, Event 6592201, LumiSection 34335 at 24-Oct-2015 17:07:55.712 BST
Begin processing the 2001st record. Run 1, Event 6761553, LumiSection 35217 at 24-Oct-2015 17:09:40.409 BST
Begin processing the 2201st record. Run 1, Event 7062041, LumiSection 36782 at 24-Oct-2015 17:11:27.566 BST
24-Oct-2015 17:12:21 BST  Closed file file:/hdfs/user/ra12451/003BEF9B-C24E-E511-B4B7-0025905A609E.root
24-Oct-2015 17:12:21 BST  Initiating request to open file file:/hdfs/user/ra12451/00EA9A04-CD4E-E511-8F7B-001517E7410C.root
24-Oct-2015 17:12:21 BST  Successfully opened file file:/hdfs/user/ra12451/00EA9A04-CD4E-E511-8F7B-001517E7410C.root
Begin processing the 2401st record. Run 1, Event 4779169, LumiSection 24892 at 24-Oct-2015 17:13:17.097 BST
Begin processing the 2601st record. Run 1, Event 4782057, LumiSection 24907 at 24-Oct-2015 17:15:08.548 BST
Begin processing the 2801st record. Run 1, Event 4784369, LumiSection 24919 at 24-Oct-2015 17:16:53.865 BST
Begin processing the 3001st record. Run 1, Event 4975225, LumiSection 25913 at 24-Oct-2015 17:18:40.235 BST
Begin processing the 3201st record. Run 1, Event 4985217, LumiSection 25965 at 24-Oct-2015 17:20:29.965 BST
Begin processing the 3401st record. Run 1, Event 5193161, LumiSection 27048 at 24-Oct-2015 17:22:17.017 BST
Begin processing the 3601st record. Run 1, Event 5400913, LumiSection 28130 at 24-Oct-2015 17:24:00.629 BST
Begin processing the 3801st record. Run 1, Event 5581785, LumiSection 29072 at 24-Oct-2015 17:25:46.793 BST
Begin processing the 4001st record. Run 1, Event 6065825, LumiSection 31593 at 24-Oct-2015 17:27:33.523 BST
Begin processing the 4201st record. Run 1, Event 6068329, LumiSection 31606 at 24-Oct-2015 17:29:20.979 BST
Begin processing the 4401st record. Run 1, Event 6069297, LumiSection 31611 at 24-Oct-2015 17:31:12.887 BST
Begin processing the 4601st record. Run 1, Event 6092921, LumiSection 31734 at 24-Oct-2015 17:33:02.842 BST
24-Oct-2015 17:33:07 BST  Closed file file:/hdfs/user/ra12451/00EA9A04-CD4E-E511-8F7B-001517E7410C.root

TrigReport ---------- Event  Summary ------------
TrigReport Events total = 4608 passed = 4608 failed = 0

TrigReport ---------- Path   Summary ------------
TrigReport  Trig Bit#   Executed     Passed     Failed      Error Name
TrigReport     1    0       4608       4608          0          0 p

TrigReport -------End-Path   Summary ------------
TrigReport  Trig Bit#   Executed     Passed     Failed      Error Name

TrigReport ---------- Modules in Path: p ------------
TrigReport  Trig Bit#    Visited     Passed     Failed      Error Name
TrigReport     1    0       4608       4608          0          0 ecalDigis
TrigReport     1    1       4608       4608          0          0 hcalDigis
TrigReport     1    2       4608       4608          0          0 caloStage2Layer1Digis
TrigReport     1    3       4608       4608          0          0 caloStage2Digis
TrigReport     1    4       4608       4608          0          0 stage2JetToL1Jet
TrigReport     1    5       4608       4608          0          0 l1UpgradeTreeProducer
TrigReport     1    6       4608       4608          0          0 genJetToL1JetAk4
TrigReport     1    7       4608       4608          0          0 l1ExtraTreeProducerGenAk4
TrigReport     1    8       4608       4608          0          0 puInfo

TrigReport ---------- Module Summary ------------
TrigReport    Visited   Executed     Passed     Failed      Error Name
TrigReport       4608       4608       4608          0          0 ecalDigis
TrigReport       4608       4608       4608          0          0 hcalDigis
TrigReport       4608       4608       4608          0          0 caloStage2Layer1Digis
TrigReport       4608       4608       4608          0          0 caloStage2Digis
TrigReport       4608       4608       4608          0          0 stage2JetToL1Jet
TrigReport       4608       4608       4608          0          0 l1UpgradeTreeProducer
TrigReport       4608       4608       4608          0          0 genJetToL1JetAk4
TrigReport       4608       4608       4608          0          0 l1ExtraTreeProducerGenAk4
TrigReport       4608       4608       4608          0          0 puInfo
TrigReport       4608       4608       4608          0          0 TriggerResults

TimeReport ---------- Event  Summary ---[sec]----
TimeReport       event loop CPU/event = 0.483682
TimeReport      event loop Real/event = 0.545104
TimeReport     sum Streams Real/event = 0.527606
TimeReport efficiency CPU/Real/thread = 0.887321

TimeReport ---------- Path   Summary ---[Real sec]----
TimeReport  per event     per exec  Name
TimeReport   0.525769     0.525769  p
TimeReport  per event     per exec  Name

TimeReport -------End-Path   Summary ---[Real sec]----
TimeReport  per event     per exec  Name
TimeReport  per event     per exec  Name

TimeReport ---------- Modules in Path: p ---[Real sec]----
TimeReport  per event    per visit  Name
TimeReport   0.003123     0.003123  ecalDigis
TimeReport   0.003583     0.003583  hcalDigis
TimeReport   0.003198     0.003198  caloStage2Layer1Digis
TimeReport   0.462764     0.462764  caloStage2Digis
TimeReport   0.000037     0.000037  stage2JetToL1Jet
TimeReport   0.000128     0.000128  l1UpgradeTreeProducer
TimeReport   0.000032     0.000032  genJetToL1JetAk4
TimeReport   0.000249     0.000249  l1ExtraTreeProducerGenAk4
TimeReport   0.000017     0.000017  puInfo
TimeReport  per event    per visit  Name

TimeReport ---------- Module Summary ---[Real sec]----
TimeReport  per event     per exec    per visit  Name
TimeReport   0.000036     0.000036     0.000036  TriggerResults
TimeReport   0.003123     0.003123     0.003123  ecalDigis
TimeReport   0.003583     0.003583     0.003583  hcalDigis
TimeReport   0.003198     0.003198     0.003198  caloStage2Layer1Digis
TimeReport   0.462764     0.462764     0.462764  caloStage2Digis
TimeReport   0.000037     0.000037     0.000037  stage2JetToL1Jet
TimeReport   0.000128     0.000128     0.000128  l1UpgradeTreeProducer
TimeReport   0.000032     0.000032     0.000032  genJetToL1JetAk4
TimeReport   0.000249     0.000249     0.000249  l1ExtraTreeProducerGenAk4
TimeReport   0.000017     0.000017     0.000017  puInfo
TimeReport  per event     per exec    per visit  Name

T---Report end!


=============================================

MessageLogger Summary

 type     category        sev    module        subroutine        count    total
 ---- -------------------- -- ---------------- ----------------  -----    -----
    1 CondDBESSource       -w (NoModuleName)                         1        1
    2 fileAction           -s file_close                             2        2
    3 fileAction           -s file_open                              4        4

 type    category    Examples: run/evt        run/evt          run/evt
 ---- -------------------- ---------------- ---------------- ----------------
    1 CondDBESSource       pre-events                        
    2 fileAction           PostProcessEvent PostEndRun       
    3 fileAction           pre-events       pre-events       PostProcessEvent

Severity    # Occurrences   Total Occurrences
--------    -------------   -----------------
Warning                 1                   1
System                  6                   6
	Command being timed: "cmsRun wrapper.py"
	User time (seconds): 2233.04
	System time (seconds): 23.20
	Percent of CPU this job got: 86%
	Elapsed (wall clock) time (h:mm:ss or m:ss): 43:25.81
	Average shared text size (kbytes): 0
	Average unshared data size (kbytes): 0
	Average stack size (kbytes): 0
	Average total size (kbytes): 0
	Maximum resident set size (kbytes): 1326880
	Average resident set size (kbytes): 0
	Major (requiring I/O) page faults: 4102
	Minor (reclaiming a frame) page faults: 12566643
	Voluntary context switches: 107401
	Involuntary context switches: 13169
	Swaps: 0
	File system inputs: 6604584
	File system outputs: 33928
	Socket messages sent: 0
	Socket messages received: 0
	Signals delivered: 0
	Page size (bytes): 4096
	Exit status: 0
