000 (153383.000.000) 10/23 16:58:34 Job submitted from host: <137.222.74.99:36673>
...
001 (153383.000.000) 10/23 16:58:36 Job executing on host: <10.129.5.104:38700>
...
006 (153383.000.000) 10/23 16:58:45 Image size of job updated: 7
	3  -  MemoryUsage of job (MB)
	2488  -  ResidentSetSize of job (KB)
...
006 (153383.000.000) 10/23 17:03:46 Image size of job updated: 671708
	322  -  MemoryUsage of job (MB)
	328980  -  ResidentSetSize of job (KB)
...
006 (153383.000.000) 10/23 17:08:47 Image size of job updated: 671708
	322  -  MemoryUsage of job (MB)
	329184  -  ResidentSetSize of job (KB)
...
006 (153383.000.000) 10/23 17:13:47 Image size of job updated: 671708
	324  -  MemoryUsage of job (MB)
	331728  -  ResidentSetSize of job (KB)
...
006 (153383.000.000) 10/23 17:23:50 Image size of job updated: 671708
	329  -  MemoryUsage of job (MB)
	336640  -  ResidentSetSize of job (KB)
...
005 (153383.000.000) 10/23 17:41:34 Job terminated.
	(1) Normal termination (return value 0)
		Usr 0 00:37:54, Sys 0 00:00:22  -  Run Remote Usage
		Usr 0 00:00:00, Sys 0 00:00:00  -  Run Local Usage
		Usr 0 00:37:54, Sys 0 00:00:22  -  Total Remote Usage
		Usr 0 00:00:00, Sys 0 00:00:00  -  Total Local Usage
	110814  -  Run Bytes Sent By Job
	9167  -  Run Bytes Received By Job
	110814  -  Total Bytes Sent By Job
	9167  -  Total Bytes Received By Job
	Partitionable Resources :    Usage  Request Allocated
	   Cpus                 :                 1         1
	   Disk (KB)            :   165186   512000    514458
	   Memory (MB)          :      329     2048      2048
...
