WARNING: In non-interactive mode release checks e.g. deprecated releases, production architectures are disabled.
%MSG-w CondDBESSource:  (NoModuleName) 24-Oct-2015 16:52:50 BST pre-events
[WARNING] You are reading tag "RecoTauTag_againstMuonMVAv1" from V1 account "frontier://FrontierProd/CMS_COND_PAT_000". The concerned Conditions might be out of date.
%MSG
24-Oct-2015 16:52:59 BST  Initiating request to open file file:/hdfs/user/ra12451/003BEF9B-C24E-E511-B4B7-0025905A609E.root
24-Oct-2015 16:53:00 BST  Successfully opened file file:/hdfs/user/ra12451/003BEF9B-C24E-E511-B4B7-0025905A609E.root
Begin processing the 1st record. Run 1, Event 6377473, LumiSection 33217 at 24-Oct-2015 16:53:19.169 BST
Begin processing the 201st record. Run 1, Event 7877001, LumiSection 41027 at 24-Oct-2015 16:55:10.030 BST
Begin processing the 401st record. Run 1, Event 7879121, LumiSection 41038 at 24-Oct-2015 16:56:56.659 BST
Begin processing the 601st record. Run 1, Event 7885849, LumiSection 41073 at 24-Oct-2015 16:58:42.637 BST
Begin processing the 801st record. Run 1, Event 6454497, LumiSection 33618 at 24-Oct-2015 17:00:31.189 BST
Begin processing the 1001st record. Run 1, Event 6457577, LumiSection 33634 at 24-Oct-2015 17:02:20.765 BST
Begin processing the 1201st record. Run 1, Event 6654385, LumiSection 34659 at 24-Oct-2015 17:04:05.723 BST
Begin processing the 1401st record. Run 1, Event 6658233, LumiSection 34679 at 24-Oct-2015 17:05:55.726 BST
Begin processing the 1601st record. Run 1, Event 6479297, LumiSection 33747 at 24-Oct-2015 17:07:43.731 BST
Begin processing the 1801st record. Run 1, Event 6592201, LumiSection 34335 at 24-Oct-2015 17:09:33.565 BST
Begin processing the 2001st record. Run 1, Event 6761553, LumiSection 35217 at 24-Oct-2015 17:11:23.115 BST
Begin processing the 2201st record. Run 1, Event 7062041, LumiSection 36782 at 24-Oct-2015 17:13:10.548 BST
24-Oct-2015 17:14:05 BST  Closed file file:/hdfs/user/ra12451/003BEF9B-C24E-E511-B4B7-0025905A609E.root
24-Oct-2015 17:14:05 BST  Initiating request to open file file:/hdfs/user/ra12451/00EA9A04-CD4E-E511-8F7B-001517E7410C.root
24-Oct-2015 17:14:05 BST  Successfully opened file file:/hdfs/user/ra12451/00EA9A04-CD4E-E511-8F7B-001517E7410C.root
Begin processing the 2401st record. Run 1, Event 4779169, LumiSection 24892 at 24-Oct-2015 17:14:58.745 BST
Begin processing the 2601st record. Run 1, Event 4782057, LumiSection 24907 at 24-Oct-2015 17:16:44.535 BST
Begin processing the 2801st record. Run 1, Event 4784369, LumiSection 24919 at 24-Oct-2015 17:18:35.418 BST
Begin processing the 3001st record. Run 1, Event 4975225, LumiSection 25913 at 24-Oct-2015 17:20:28.688 BST
Begin processing the 3201st record. Run 1, Event 4985217, LumiSection 25965 at 24-Oct-2015 17:22:16.719 BST
Begin processing the 3401st record. Run 1, Event 5193161, LumiSection 27048 at 24-Oct-2015 17:24:04.118 BST
Begin processing the 3601st record. Run 1, Event 5400913, LumiSection 28130 at 24-Oct-2015 17:25:51.625 BST
Begin processing the 3801st record. Run 1, Event 5581785, LumiSection 29072 at 24-Oct-2015 17:27:38.738 BST
Begin processing the 4001st record. Run 1, Event 6065825, LumiSection 31593 at 24-Oct-2015 17:29:28.081 BST
Begin processing the 4201st record. Run 1, Event 6068329, LumiSection 31606 at 24-Oct-2015 17:31:24.454 BST
Begin processing the 4401st record. Run 1, Event 6069297, LumiSection 31611 at 24-Oct-2015 17:33:14.102 BST
Begin processing the 4601st record. Run 1, Event 6092921, LumiSection 31734 at 24-Oct-2015 17:35:04.844 BST
24-Oct-2015 17:35:08 BST  Closed file file:/hdfs/user/ra12451/00EA9A04-CD4E-E511-8F7B-001517E7410C.root

TrigReport ---------- Event  Summary ------------
TrigReport Events total = 4608 passed = 4608 failed = 0

TrigReport ---------- Path   Summary ------------
TrigReport  Trig Bit#   Executed     Passed     Failed      Error Name
TrigReport     1    0       4608       4608          0          0 p

TrigReport -------End-Path   Summary ------------
TrigReport  Trig Bit#   Executed     Passed     Failed      Error Name

TrigReport ---------- Modules in Path: p ------------
TrigReport  Trig Bit#    Visited     Passed     Failed      Error Name
TrigReport     1    0       4608       4608          0          0 ecalDigis
TrigReport     1    1       4608       4608          0          0 hcalDigis
TrigReport     1    2       4608       4608          0          0 caloStage2Layer1Digis
TrigReport     1    3       4608       4608          0          0 caloStage2Digis
TrigReport     1    4       4608       4608          0          0 stage2JetToL1Jet
TrigReport     1    5       4608       4608          0          0 l1UpgradeTreeProducer
TrigReport     1    6       4608       4608          0          0 genJetToL1JetAk4
TrigReport     1    7       4608       4608          0          0 l1ExtraTreeProducerGenAk4
TrigReport     1    8       4608       4608          0          0 puInfo

TrigReport ---------- Module Summary ------------
TrigReport    Visited   Executed     Passed     Failed      Error Name
TrigReport       4608       4608       4608          0          0 ecalDigis
TrigReport       4608       4608       4608          0          0 hcalDigis
TrigReport       4608       4608       4608          0          0 caloStage2Layer1Digis
TrigReport       4608       4608       4608          0          0 caloStage2Digis
TrigReport       4608       4608       4608          0          0 stage2JetToL1Jet
TrigReport       4608       4608       4608          0          0 l1UpgradeTreeProducer
TrigReport       4608       4608       4608          0          0 genJetToL1JetAk4
TrigReport       4608       4608       4608          0          0 l1ExtraTreeProducerGenAk4
TrigReport       4608       4608       4608          0          0 puInfo
TrigReport       4608       4608       4608          0          0 TriggerResults

TimeReport ---------- Event  Summary ---[sec]----
TimeReport       event loop CPU/event = 0.495570
TimeReport      event loop Real/event = 0.548411
TimeReport     sum Streams Real/event = 0.536257
TimeReport efficiency CPU/Real/thread = 0.903647

TimeReport ---------- Path   Summary ---[Real sec]----
TimeReport  per event     per exec  Name
TimeReport   0.534478     0.534478  p
TimeReport  per event     per exec  Name

TimeReport -------End-Path   Summary ---[Real sec]----
TimeReport  per event     per exec  Name
TimeReport  per event     per exec  Name

TimeReport ---------- Modules in Path: p ---[Real sec]----
TimeReport  per event    per visit  Name
TimeReport   0.003263     0.003263  ecalDigis
TimeReport   0.003252     0.003252  hcalDigis
TimeReport   0.003219     0.003219  caloStage2Layer1Digis
TimeReport   0.474379     0.474379  caloStage2Digis
TimeReport   0.000037     0.000037  stage2JetToL1Jet
TimeReport   0.000118     0.000118  l1UpgradeTreeProducer
TimeReport   0.000031     0.000031  genJetToL1JetAk4
TimeReport   0.000250     0.000250  l1ExtraTreeProducerGenAk4
TimeReport   0.000017     0.000017  puInfo
TimeReport  per event    per visit  Name

TimeReport ---------- Module Summary ---[Real sec]----
TimeReport  per event     per exec    per visit  Name
TimeReport   0.000037     0.000037     0.000037  TriggerResults
TimeReport   0.003263     0.003263     0.003263  ecalDigis
TimeReport   0.003252     0.003252     0.003252  hcalDigis
TimeReport   0.003219     0.003219     0.003219  caloStage2Layer1Digis
TimeReport   0.474379     0.474379     0.474379  caloStage2Digis
TimeReport   0.000037     0.000037     0.000037  stage2JetToL1Jet
TimeReport   0.000118     0.000118     0.000118  l1UpgradeTreeProducer
TimeReport   0.000031     0.000031     0.000031  genJetToL1JetAk4
TimeReport   0.000250     0.000250     0.000250  l1ExtraTreeProducerGenAk4
TimeReport   0.000017     0.000017     0.000017  puInfo
TimeReport  per event     per exec    per visit  Name

T---Report end!


=============================================

MessageLogger Summary

 type     category        sev    module        subroutine        count    total
 ---- -------------------- -- ---------------- ----------------  -----    -----
    1 CondDBESSource       -w (NoModuleName)                         1        1
    2 fileAction           -s file_close                             2        2
    3 fileAction           -s file_open                              4        4

 type    category    Examples: run/evt        run/evt          run/evt
 ---- -------------------- ---------------- ---------------- ----------------
    1 CondDBESSource       pre-events                        
    2 fileAction           PostProcessEvent PostEndRun       
    3 fileAction           pre-events       pre-events       PostProcessEvent

Severity    # Occurrences   Total Occurrences
--------    -------------   -----------------
Warning                 1                   1
System                  6                   6
	Command being timed: "cmsRun wrapper.py"
	User time (seconds): 2283.65
	System time (seconds): 23.03
	Percent of CPU this job got: 89%
	Elapsed (wall clock) time (h:mm:ss or m:ss): 43:07.95
	Average shared text size (kbytes): 0
	Average unshared data size (kbytes): 0
	Average stack size (kbytes): 0
	Average total size (kbytes): 0
	Maximum resident set size (kbytes): 1325712
	Average resident set size (kbytes): 0
	Major (requiring I/O) page faults: 4673
	Minor (reclaiming a frame) page faults: 12563718
	Voluntary context switches: 107612
	Involuntary context switches: 12597
	Swaps: 0
	File system inputs: 6698040
	File system outputs: 33816
	Socket messages sent: 0
	Socket messages received: 0
	Signals delivered: 0
	Page size (bytes): 4096
	Exit status: 0
