WARNING: In non-interactive mode release checks e.g. deprecated releases, production architectures are disabled.
%MSG-w CondDBESSource:  (NoModuleName) 24-Oct-2015 17:54:10 UTC pre-events
[WARNING] You are reading tag "RecoTauTag_againstMuonMVAv1" from V1 account "frontier://FrontierProd/CMS_COND_PAT_000". The concerned Conditions might be out of date.
%MSG
24-Oct-2015 17:54:38 UTC  Initiating request to open file file:/hdfs/user/ra12451/003BEF9B-C24E-E511-B4B7-0025905A609E.root
24-Oct-2015 17:54:40 UTC  Successfully opened file file:/hdfs/user/ra12451/003BEF9B-C24E-E511-B4B7-0025905A609E.root
Begin processing the 1st record. Run 1, Event 6377473, LumiSection 33217 at 24-Oct-2015 17:55:17.824 UTC
Begin processing the 201st record. Run 1, Event 7877001, LumiSection 41027 at 24-Oct-2015 17:56:50.041 UTC
Begin processing the 401st record. Run 1, Event 7879121, LumiSection 41038 at 24-Oct-2015 17:58:19.208 UTC
Begin processing the 601st record. Run 1, Event 7885849, LumiSection 41073 at 24-Oct-2015 17:59:49.779 UTC
Begin processing the 801st record. Run 1, Event 6454497, LumiSection 33618 at 24-Oct-2015 18:01:20.784 UTC
Begin processing the 1001st record. Run 1, Event 6457577, LumiSection 33634 at 24-Oct-2015 18:02:53.884 UTC
Begin processing the 1201st record. Run 1, Event 6654385, LumiSection 34659 at 24-Oct-2015 18:04:24.497 UTC
Begin processing the 1401st record. Run 1, Event 6658233, LumiSection 34679 at 24-Oct-2015 18:05:58.047 UTC
Begin processing the 1601st record. Run 1, Event 6479297, LumiSection 33747 at 24-Oct-2015 18:07:28.151 UTC
Begin processing the 1801st record. Run 1, Event 6592201, LumiSection 34335 at 24-Oct-2015 18:08:57.448 UTC
Begin processing the 2001st record. Run 1, Event 6761553, LumiSection 35217 at 24-Oct-2015 18:10:25.945 UTC
Begin processing the 2201st record. Run 1, Event 7062041, LumiSection 36782 at 24-Oct-2015 18:11:55.437 UTC
24-Oct-2015 18:12:41 UTC  Closed file file:/hdfs/user/ra12451/003BEF9B-C24E-E511-B4B7-0025905A609E.root
24-Oct-2015 18:12:41 UTC  Initiating request to open file file:/hdfs/user/ra12451/00EA9A04-CD4E-E511-8F7B-001517E7410C.root
24-Oct-2015 18:12:41 UTC  Successfully opened file file:/hdfs/user/ra12451/00EA9A04-CD4E-E511-8F7B-001517E7410C.root
Begin processing the 2401st record. Run 1, Event 4779169, LumiSection 24892 at 24-Oct-2015 18:13:26.415 UTC
Begin processing the 2601st record. Run 1, Event 4782057, LumiSection 24907 at 24-Oct-2015 18:14:56.159 UTC
Begin processing the 2801st record. Run 1, Event 4784369, LumiSection 24919 at 24-Oct-2015 18:16:27.248 UTC
Begin processing the 3001st record. Run 1, Event 4975225, LumiSection 25913 at 24-Oct-2015 18:17:57.761 UTC
Begin processing the 3201st record. Run 1, Event 4985217, LumiSection 25965 at 24-Oct-2015 18:19:30.338 UTC
Begin processing the 3401st record. Run 1, Event 5193161, LumiSection 27048 at 24-Oct-2015 18:21:03.677 UTC
Begin processing the 3601st record. Run 1, Event 5400913, LumiSection 28130 at 24-Oct-2015 18:22:30.147 UTC
Begin processing the 3801st record. Run 1, Event 5581785, LumiSection 29072 at 24-Oct-2015 18:23:58.052 UTC
Begin processing the 4001st record. Run 1, Event 6065825, LumiSection 31593 at 24-Oct-2015 18:25:32.389 UTC
Begin processing the 4201st record. Run 1, Event 6068329, LumiSection 31606 at 24-Oct-2015 18:27:06.997 UTC
Begin processing the 4401st record. Run 1, Event 6069297, LumiSection 31611 at 24-Oct-2015 18:28:43.241 UTC
Begin processing the 4601st record. Run 1, Event 6092921, LumiSection 31734 at 24-Oct-2015 18:30:14.316 UTC
24-Oct-2015 18:30:17 UTC  Closed file file:/hdfs/user/ra12451/00EA9A04-CD4E-E511-8F7B-001517E7410C.root

TrigReport ---------- Event  Summary ------------
TrigReport Events total = 4608 passed = 4608 failed = 0

TrigReport ---------- Path   Summary ------------
TrigReport  Trig Bit#   Executed     Passed     Failed      Error Name
TrigReport     1    0       4608       4608          0          0 p

TrigReport -------End-Path   Summary ------------
TrigReport  Trig Bit#   Executed     Passed     Failed      Error Name

TrigReport ---------- Modules in Path: p ------------
TrigReport  Trig Bit#    Visited     Passed     Failed      Error Name
TrigReport     1    0       4608       4608          0          0 ecalDigis
TrigReport     1    1       4608       4608          0          0 hcalDigis
TrigReport     1    2       4608       4608          0          0 caloStage2Layer1Digis
TrigReport     1    3       4608       4608          0          0 caloStage2Digis
TrigReport     1    4       4608       4608          0          0 stage2JetToL1Jet
TrigReport     1    5       4608       4608          0          0 l1UpgradeTreeProducer
TrigReport     1    6       4608       4608          0          0 genJetToL1JetAk4
TrigReport     1    7       4608       4608          0          0 l1ExtraTreeProducerGenAk4
TrigReport     1    8       4608       4608          0          0 puInfo

TrigReport ---------- Module Summary ------------
TrigReport    Visited   Executed     Passed     Failed      Error Name
TrigReport       4608       4608       4608          0          0 ecalDigis
TrigReport       4608       4608       4608          0          0 hcalDigis
TrigReport       4608       4608       4608          0          0 caloStage2Layer1Digis
TrigReport       4608       4608       4608          0          0 caloStage2Digis
TrigReport       4608       4608       4608          0          0 stage2JetToL1Jet
TrigReport       4608       4608       4608          0          0 l1UpgradeTreeProducer
TrigReport       4608       4608       4608          0          0 genJetToL1JetAk4
TrigReport       4608       4608       4608          0          0 l1ExtraTreeProducerGenAk4
TrigReport       4608       4608       4608          0          0 puInfo
TrigReport       4608       4608       4608          0          0 TriggerResults

TimeReport ---------- Event  Summary ---[sec]----
TimeReport       event loop CPU/event = 0.410717
TimeReport      event loop Real/event = 0.463407
TimeReport     sum Streams Real/event = 0.447360
TimeReport efficiency CPU/Real/thread = 0.886299

TimeReport ---------- Path   Summary ---[Real sec]----
TimeReport  per event     per exec  Name
TimeReport   0.445573     0.445573  p
TimeReport  per event     per exec  Name

TimeReport -------End-Path   Summary ---[Real sec]----
TimeReport  per event     per exec  Name
TimeReport  per event     per exec  Name

TimeReport ---------- Modules in Path: p ---[Real sec]----
TimeReport  per event    per visit  Name
TimeReport   0.002451     0.002451  ecalDigis
TimeReport   0.002675     0.002675  hcalDigis
TimeReport   0.003928     0.003928  caloStage2Layer1Digis
TimeReport   0.391539     0.391539  caloStage2Digis
TimeReport   0.000035     0.000035  stage2JetToL1Jet
TimeReport   0.000108     0.000108  l1UpgradeTreeProducer
TimeReport   0.000029     0.000029  genJetToL1JetAk4
TimeReport   0.000237     0.000237  l1ExtraTreeProducerGenAk4
TimeReport   0.000010     0.000010  puInfo
TimeReport  per event    per visit  Name

TimeReport ---------- Module Summary ---[Real sec]----
TimeReport  per event     per exec    per visit  Name
TimeReport   0.000031     0.000031     0.000031  TriggerResults
TimeReport   0.002451     0.002451     0.002451  ecalDigis
TimeReport   0.002675     0.002675     0.002675  hcalDigis
TimeReport   0.003928     0.003928     0.003928  caloStage2Layer1Digis
TimeReport   0.391539     0.391539     0.391539  caloStage2Digis
TimeReport   0.000035     0.000035     0.000035  stage2JetToL1Jet
TimeReport   0.000108     0.000108     0.000108  l1UpgradeTreeProducer
TimeReport   0.000029     0.000029     0.000029  genJetToL1JetAk4
TimeReport   0.000237     0.000237     0.000237  l1ExtraTreeProducerGenAk4
TimeReport   0.000010     0.000010     0.000010  puInfo
TimeReport  per event     per exec    per visit  Name

T---Report end!


=============================================

MessageLogger Summary

 type     category        sev    module        subroutine        count    total
 ---- -------------------- -- ---------------- ----------------  -----    -----
    1 CondDBESSource       -w (NoModuleName)                         1        1
    2 fileAction           -s file_close                             2        2
    3 fileAction           -s file_open                              4        4

 type    category    Examples: run/evt        run/evt          run/evt
 ---- -------------------- ---------------- ---------------- ----------------
    1 CondDBESSource       pre-events                        
    2 fileAction           PostProcessEvent PostEndRun       
    3 fileAction           pre-events       pre-events       PostProcessEvent

Severity    # Occurrences   Total Occurrences
--------    -------------   -----------------
Warning                 1                   1
System                  6                   6
	Command being timed: "cmsRun wrapper.py"
	User time (seconds): 1887.72
	System time (seconds): 32.58
	Percent of CPU this job got: 82%
	Elapsed (wall clock) time (h:mm:ss or m:ss): 38:52.73
	Average shared text size (kbytes): 0
	Average unshared data size (kbytes): 0
	Average stack size (kbytes): 0
	Average total size (kbytes): 0
	Maximum resident set size (kbytes): 330956
	Average resident set size (kbytes): 0
	Major (requiring I/O) page faults: 3779
	Minor (reclaiming a frame) page faults: 12565938
	Voluntary context switches: 102737
	Involuntary context switches: 201561
	Swaps: 0
	File system inputs: 6552184
	File system outputs: 74040
	Socket messages sent: 0
	Socket messages received: 0
	Signals delivered: 0
	Page size (bytes): 4096
	Exit status: 0
