000 (153386.000.000) 10/23 18:31:31 Job submitted from host: <137.222.74.99:36673>
...
001 (153386.000.000) 10/23 18:36:12 Job executing on host: <10.129.5.106:48162>
...
006 (153386.000.000) 10/23 18:36:21 Image size of job updated: 7
	3  -  MemoryUsage of job (MB)
	2488  -  ResidentSetSize of job (KB)
...
006 (153386.000.000) 10/23 18:41:22 Image size of job updated: 671972
	320  -  MemoryUsage of job (MB)
	327652  -  ResidentSetSize of job (KB)
...
006 (153386.000.000) 10/23 18:51:22 Image size of job updated: 671972
	321  -  MemoryUsage of job (MB)
	328080  -  ResidentSetSize of job (KB)
...
006 (153386.000.000) 10/23 18:56:23 Image size of job updated: 671972
	321  -  MemoryUsage of job (MB)
	328476  -  ResidentSetSize of job (KB)
...
006 (153386.000.000) 10/23 19:01:24 Image size of job updated: 671972
	326  -  MemoryUsage of job (MB)
	333316  -  ResidentSetSize of job (KB)
...
006 (153386.000.000) 10/23 19:06:24 Image size of job updated: 671972
	326  -  MemoryUsage of job (MB)
	333332  -  ResidentSetSize of job (KB)
...
005 (153386.000.000) 10/23 19:22:48 Job terminated.
	(1) Normal termination (return value 0)
		Usr 0 00:41:43, Sys 0 00:00:23  -  Run Remote Usage
		Usr 0 00:00:00, Sys 0 00:00:00  -  Run Local Usage
		Usr 0 00:41:43, Sys 0 00:00:23  -  Total Remote Usage
		Usr 0 00:00:00, Sys 0 00:00:00  -  Total Local Usage
	110814  -  Run Bytes Sent By Job
	9167  -  Run Bytes Received By Job
	110814  -  Total Bytes Sent By Job
	9167  -  Total Bytes Received By Job
	Partitionable Resources :    Usage  Request Allocated
	   Cpus                 :                 1         1
	   Disk (KB)            :   165186   512000    518840
	   Memory (MB)          :      326     2048      2048
...
