TIME,DTIME,IN,DIN,OUT,DOUT
1440703918,0,3297649288213,0,1187875997352,0
1440703919,1,3297649294235,6022,1187876074849,77497
1440703920,1,3297649296695,2460,1187876085737,10888
1440703921,1,3297649298953,2258,1187876104078,18341
1440703922,1,3297649316751,17798,1187876139479,35401
1440703923,1,3297649337402,20651,1187876180238,40759
1440703924,1,3297649359834,22432,1187876265009,84771
1440703925,1,3297650180466,820632,1187876669098,404089
1440703926,1,3297650616744,436278,1187876874663,205565
1440703927,1,3297650808569,191825,1187876971358,96695
1440703928,1,3297651049510,240941,1187877077218,105860
1440703929,1,3297651204654,155144,1187877187584,110366
1440703930,1,3297651208554,3900,1187877188932,1348
1440703931,1,3297651213755,5201,1187877190562,1630
1440703932,1,3297651261555,47800,1187877223782,33220
1440703933,1,3297651377778,116223,1187877272364,48582
1440703934,1,3297651532674,154896,1187877375993,103629
1440703935,1,3297651782795,250121,1187877498583,122590
1440703936,1,3297652285593,502798,1187877591066,92483
1440703937,1,3297652483293,197700,1187877668777,77711
1440703938,1,3297652507476,24183,1187877692614,23837
1440703939,1,3297652526525,19049,1187877785418,92804
1440703940,1,3297654509695,1983170,1187877955205,169787
1440703941,1,3297655496348,986653,1187878047274,92069
1440703942,1,3297655514805,18457,1187878077694,30420
1440703943,1,3297655898938,384133,1187878252233,174539
1440703944,1,3297656721329,822391,1187878632721,380488
1440703945,1,3297658200237,1478908,1187879001211,368490
1440703946,1,3297666688919,8488682,1187879204633,203422
1440703947,1,3297671889229,5200310,1187879301731,97098
1440703948,1,3297688046271,16157042,1187879484827,183096
1440703949,1,3297688048917,2646,1187879488972,4145
1440703950,1,3297688051405,2488,1187879506850,17878
1440703951,1,3297693647926,5596521,1187879638541,131691
1440703952,1,3297709048837,15400911,1187879841527,202986
1440703953,1,3297709051922,3085,1187879853668,12141
1440703954,1,3297709057805,5883,1187879942108,88440
1440703955,1,3297719276909,10219104,1187880100250,158142
1440703956,1,3297730926912,11650003,1187880273431,173181
1440703958,2,3297730964458,37546,1187880347219,73788
1440703959,1,3297730964866,408,1187880349757,2538
1440703960,1,3297736241191,5276325,1187880426131,76374
1440703961,1,3297752795905,16554714,1187880693237,267106
1440703962,1,3297752809567,13662,1187880723201,29964
1440703963,1,3297752823646,14079,1187880768289,45088
1440703964,1,3297757399881,4576235,1187880872454,104165
1440703965,1,3297773631561,16231680,1187881069211,196757
1440703966,1,3297773634780,3219,1187881082375,13164
1440703967,1,3297773636062,1282,1187881085613,3238
1440703968,1,3297777138378,3502316,1187881133831,48218
1440703969,1,3297795118724,17980346,1187881377243,243412
1440703970,1,3297795153834,35110,1187881526418,149175
1440703971,1,3297795155602,1768,1187881530226,3808
1440703972,1,3297800363733,5208131,1187881606636,76410
1440703973,1,3297816123899,15760166,1187881796051,189415
1440703974,1,3297816131631,7732,1187881819499,23448
1440703975,1,3297816148413,16782,1187881869466,49967
1440703976,1,3297821437646,5289233,1187881972006,102540
1440703977,1,3297837676685,16239039,1187882060986,88980
1440703978,1,3297837679871,3186,1187882074484,13498
1440703979,1,3297837680343,472,1187882078236,3752
1440703980,1,3297843475715,5795372,1187884720075,2641839
1440703981,1,3297858686445,15210730,1187884979657,259582
1440703982,1,3297858703679,17234,1187885162414,182757
1440703983,1,3297858717654,13975,1187885375376,212962
1440703984,1,3297866637492,7919838,1187885477207,101831
1440703985,1,3297879083495,12446003,1187885707062,229855
1440703986,1,3297879085047,1552,1187885728205,21143
1440703987,1,3297879119335,34288,1187885805321,77116
1440703988,1,3297895421026,16301691,1187885969213,163892
1440703989,1,3297900573679,5152653,1187886034818,65605
1440703990,1,3297900575470,1791,1187886054319,19501
1440703991,1,3297900576780,1310,1187886058663,4344
1440703992,1,3297917605195,17028415,1187886301677,243014
1440703993,1,3297922094320,4489125,1187886392356,90679
1440703994,1,3297922095432,1112,1187886396934,4578
1440703995,1,3297922097178,1746,1187886401490,4556
1440703996,1,3297938527559,16430381,1187886604245,202755
1440703997,1,3297943185147,4657588,1187886660689,56444
1440703998,1,3297943217440,32293,1187886731439,70750
1440703999,1,3297943224976,7536,1187886755405,23966
1440704000,1,3297943636975,411999,1187886765948,10543
1440704001,1,3297951097012,7460037,1187886954223,188275
1440704002,1,3297965040376,13943364,1187887253215,298992
1440704003,1,3297965065982,25606,1187887281689,28474
1440704004,1,3297965096702,30720,1187887349925,68236
1440704005,1,3297970902489,5805787,1187887429755,79830
1440704006,1,3297985494005,14591516,1187887621779,192024
1440704007,1,3297985514821,20816,1187887635869,14090
1440704008,1,3297985524988,10167,1187887657233,21364
1440704009,1,3297986482505,957517,1187887701099,43866
1440704010,1,3298006341241,19858736,1187887986189,285090
1440704011,1,3298006349247,8006,1187887989079,2890
1440704012,1,3298006353193,3946,1187887990556,1477
1440704013,1,3298006361448,8255,1187888022511,31955
1440704014,1,3298023629773,17268325,1187890830022,2807511
1440704015,1,3298026983039,3353266,1187890955728,125706
1440704016,1,3298026985602,2563,1187890967946,12218
1440704017,1,3298026989055,3453,1187890970518,2572
1440704018,1,3298034902862,7913807,1187891081900,111382
1440704019,1,3298047753069,12850207,1187891259803,177903
1440704020,1,3298047754782,1713,1187891262340,2537
1440704021,1,3298062207987,14453205,1187891385976,123636
1440704023,2,3298122084297,59876310,1187891476534,90558
1440704024,1,3298177845601,55761304,1187891922759,446225
1440704025,1,3298230281970,52436369,1187892098367,175608
1440704026,1,3298248408762,18126792,1187892137169,38802
1440704027,1,3298248409683,921,1187892139381,2212
1440704028,1,3298262584204,14174521,1187892309618,170237
1440704029,1,3298269196927,6612723,1187892399033,89415
1440704030,1,3298269200201,3274,1187892480290,81257
1440704031,1,3298269201059,858,1187892483206,2916
1440704032,1,3298286340106,17139047,1187892698657,215451
1440704033,1,3298290149620,3809514,1187892745241,46584
1440704034,1,3298290153495,3875,1187892748984,3743
1440704035,1,3298290154619,1124,1187892755680,6696
1440704036,1,3298310660256,20505637,1187893000813,245133
1440704037,1,3298310661732,1476,1187893003491,2678
1440704038,1,3298310663599,1867,1187893015926,12435
1440704039,1,3298310805864,142265,1187893022014,6088
1440704040,1,3298330998977,20193113,1187893260409,238395
1440704041,1,3298331001041,2064,1187893273263,12854
1440704042,1,3298331003702,2661,1187893278121,4858
1440704043,1,3298331402959,399257,1187893288764,10643
1440704044,1,3298352000541,20597582,1187893542556,253792
1440704045,1,3298352028004,27463,1187896055177,2512621
1440704046,1,3298352029467,1463,1187896058415,3238
1440704047,1,3298352646344,616877,1187896080628,22213
1440704048,1,3298372624605,19978261,1187896318730,238102
1440704049,1,3298372629005,4400,1187896323347,4617
1440704050,1,3298372631766,2761,1187896336461,13114
1440704051,1,3298373739096,1107330,1187896355110,18649
1440704052,1,3298400220272,26481176,1187896647461,292351
1440704053,1,3298400224195,3923,1187896653950,6489
1440704054,1,3298400228573,4378,1187896658460,4510
1440704055,1,3298403597504,3368931,1187896704571,46111
1440704056,1,3298419982250,16384746,1187896910412,205841
1440704057,1,3298419986796,4546,1187896914893,4481
1440704058,1,3298419989746,2950,1187896919615,4722
1440704059,1,3298440514949,20525203,1187897177718,258103
1440704060,1,3298440518337,3388,1187897260600,82882
1440704061,1,3298440518917,580,1187897264568,3968
1440704062,1,3298440522471,3554,1187897280627,16059
1440704064,2,3298460649544,20127073,1187897522650,242023
1440704065,1,3298460650905,1361,1187897527849,5199
1440704066,1,3298460651638,733,1187897541635,13786
1440704067,1,3298463007656,2356018,1187897576098,34463
1440704068,1,3298480661372,17653716,1187897786608,210510
1440704069,1,3298480662715,1343,1187897800624,14016
1440704070,1,3298480666441,3726,1187897813159,12535
1440704071,1,3298492504222,11837781,1187897959585,146426
1440704072,1,3298501832203,9327981,1187898083659,124074
1440704073,1,3298501835741,3538,1187898088839,5180
1440704074,1,3298501837338,1597,1187898089374,535
1440704075,1,3298519785893,17948555,1187901070595,2981221
1440704076,1,3298521903815,2117922,1187901096361,25766
1440704077,1,3298521907447,3632,1187901098071,1710
1440704078,1,3298521909168,1721,1187901101544,3473
1440704079,1,3298543128382,21219214,1187901340017,238473
1440704080,1,3298543129104,722,1187901340713,696
1440704081,1,3298543130136,1032,1187901351397,10684
1440704082,1,3298543130922,786,1187901352327,930
1440704083,1,3298564215807,21084885,1187901637572,285245
1440704084,1,3298564233173,17366,1187901762170,124598
1440704085,1,3298564267069,33896,1187902317622,555452
1440704086,1,3298564290560,23491,1187902353877,36255
1440704087,1,3298584861575,20571015,1187902605773,251896
1440704088,1,3298584862727,1152,1187902609157,3384
1440704089,1,3298584864955,2228,1187902611331,2174
1440704090,1,3298584871137,6182,1187902701248,89917
1440704091,1,3298605418829,20547692,1187902945065,243817
1440704092,1,3298605422015,3186,1187902946467,1402
1440704093,1,3298605424978,2963,1187902957844,11377
1440704094,1,3298605498101,73123,1187902962652,4808
1440704095,1,3298625721146,20223045,1187903202026,239374
1440704096,1,3298625723042,1896,1187903213170,11144
1440704097,1,3298625726400,3358,1187903215162,1992
1440704098,1,3298625954094,227694,1187903228262,13100
1440704099,1,3298646557582,20603488,1187903524172,295910
1440704100,1,3298646581557,23975,1187903592489,68317
1440704101,1,3298646584996,3439,1187903595166,2677
1440704102,1,3298647159223,574227,1187903617942,22776
1440704103,1,3298667375239,20216016,1187903857494,239552
1440704104,1,3298667409776,34537,1187906722271,2864777
1440704105,1,3298667439450,29674,1187906809494,87223
1440704106,1,3298668979687,1540237,1187906835950,26456
1440704107,1,3298688266697,19287010,1187907064266,228316
1440704108,1,3298688270095,3398,1187907076134,11868
1440704109,1,3298688271236,1141,1187907079181,3047
1440704110,1,3298691368780,3097544,1187907140265,61084
1440704111,1,3298709641924,18273144,1187907426867,286602
1440704112,1,3298709643676,1752,1187907429415,2548
1440704113,1,3298709646107,2431,1187907432283,2868
1440704115,2,3298730347145,20701038,1187907674566,242283
1440704116,1,3298730353765,6620,1187907697351,22785
1440704117,1,3298730382173,28408,1187907769163,71812
1440704118,1,3298730389879,7706,1187907780775,11612
1440704119,1,3298751060524,20670645,1187908030038,249263
1440704120,1,3298751065183,4659,1187908122121,92083
1440704121,1,3298751068497,3314,1187908125937,3816
1440704122,1,3298751075417,6920,1187908148691,22754
1440704123,1,3298771691204,20615787,1187908432820,284129
1440704124,1,3298771696903,5699,1187908522093,89273
1440704125,1,3298771698310,1407,1187908530098,8005
1440704126,1,3298771823820,125510,1187908536932,6834
1440704127,1,3298793150097,21326277,1187908799808,262876
1440704128,1,3298793156626,6529,1187908831628,31820
1440704129,1,3298793185675,29049,1187908900911,69283
1440704130,1,3298794676054,1490379,1187908938368,37457
1440704131,1,3298815023027,20346973,1187909180428,242060
1440704132,1,3298815027482,4455,1187909187094,6666
1440704133,1,3298815036611,9129,1187909211165,24071
1440704134,1,3298816673115,1636504,1187909373265,162100
1440704135,1,3298835725198,19052083,1187912134312,2761047
1440704136,1,3298835728173,2975,1187912138849,4537
1440704137,1,3298835732158,3985,1187912144886,6037
1440704138,1,3298838808427,3076269,1187912199607,54721
1440704139,1,3298856798001,17989574,1187912434536,234929
1440704140,1,3298856830884,32883,1187912501653,67117
1440704141,1,3298856831858,974,1187912515641,13988
1440704142,1,3298858874000,2042142,1187912544937,29296
1440704143,1,3298877673171,18799171,1187912768404,223467
1440704144,1,3298877687922,14751,1187912879736,111332
1440704145,1,3298877707873,19951,1187912923431,43695
1440704146,1,3298892052521,14344648,1187913124977,201546
1440704147,1,3298898318431,6265910,1187913155083,30106
1440704148,1,3298898321990,3559,1187913159610,4527
1440704149,1,3298898326476,4486,1187913244148,84538
1440704150,1,3298917865474,19538998,1187913509723,265575
1440704151,1,3298918513846,648372,1187913587371,77648
1440704152,1,3298918515874,2028,1187913588163,792
1440704153,1,3298918517524,1650,1187913598155,9992
1440704154,1,3298940389632,21872108,1187913856651,258496
1440704155,1,3298940398556,8924,1187913877591,20940
1440704156,1,3298940410590,12034,1187913909695,32104
1440704157,1,3298940433369,22779,1187913958976,49281
1440704158,1,3298962116283,21682914,1187914220306,261330
1440704159,1,3298962117375,1092,1187914230504,10198
1440704160,1,3298962120653,3278,1187914232512,2008
1440704161,1,3298962128323,7670,1187914253372,20860
1440704162,1,3298983549844,21421521,1187914856432,603060
1440704163,1,3298983554357,4513,1187914864653,8221
1440704164,1,3298983592433,38076,1187918351685,3487032
1440704165,1,3298983599644,7211,1187918439806,88121
1440704166,1,3299004043434,20443790,1187918681701,241895
1440704167,1,3299004045801,2367,1187918700415,18714
1440704168,1,3299004080099,34298,1187918795289,94874
1440704169,1,3299004081670,1571,1187918797404,2115
1440704170,1,3299025805933,21724263,1187919053749,256345
1440704171,1,3299025809602,3669,1187919065171,11422
1440704172,1,3299025812397,2795,1187919066956,1785
1440704173,1,3299025838573,26176,1187919121537,54581
1440704174,1,3299047391274,21552701,1187919467515,345978
1440704175,1,3299047476637,85363,1187919471473,3958
1440704176,1,3299047477281,644,1187919473227,1754
1440704177,1,3299047479047,1766,1187919484569,11342
1440704178,1,3299067140913,19661866,1187919718047,233478
1440704179,1,3299067689867,548954,1187919888298,170251
1440704180,1,3299067690579,712,1187919899804,11506
1440704181,1,3299067691840,1261,1187919901921,2117
1440704183,2,3299088317960,20626120,1187920146227,244306
1440704184,1,3299088320281,2321,1187920158445,12218
1440704185,1,3299088334541,14260,1187920193894,35449
1440704186,1,3299088361797,27256,1187920252276,58382
1440704187,1,3299110018240,21656443,1187920516943,264667
1440704188,1,3299110018968,728,1187920519355,2412
1440704189,1,3299110024503,5535,1187920522573,3218
1440704190,1,3299110096516,72013,1187920555133,32560
1440704191,1,3299130693003,20596487,1187920866687,311554
1440704192,1,3299130701503,8500,1187920879831,13144
1440704193,1,3299130704150,2647,1187920892177,12346
1440704194,1,3299130797412,93262,1187920897425,5248
1440704195,1,3299151850092,21052680,1187923671777,2774352
1440704196,1,3299151859985,9893,1187923705255,33478
1440704197,1,3299151885845,25860,1187923756797,51542
1440704198,1,3299152245520,359675,1187923787883,31086
1440704199,1,3299173279423,21033903,1187924044966,257083
1440704200,1,3299173280636,1213,1187924048681,3715
1440704201,1,3299173289540,8904,1187924072371,23690
1440704202,1,3299173739650,450110,1187924085286,12915
1440704203,1,3299194201334,20461684,1187924412282,326996
1440704204,1,3299194202298,964,1187924415620,3338
1440704205,1,3299194204184,1886,1187924431862,16242
1440704206,1,3299195001840,797656,1187924466487,34625
1440704207,1,3299215478255,20476415,1187924709635,243148
1440704208,1,3299215487295,9040,1187924811064,101429
1440704209,1,3299215521386,34091,1187924869177,58113
1440704210,1,3299231285414,15764028,1187925078767,209590
1440704211,1,3299231294197,8783,1187925169954,91187
1440704213,2,3299231301565,7368,1187925174733,4779
1440704214,1,3299232100852,799287,1187925199272,24539
1440704215,1,3299233442567,1341715,1187925277706,78434
1440704216,1,3299241254964,7812397,1187925350147,72441
1440704217,1,3299261432466,20177502,1187925560008,209861
1440704218,1,3299261436755,4289,1187925574436,14428
1440704219,1,3299261440031,3276,1187925582098,7662
1440704220,1,3299262057748,617717,1187925597160,15062
1440704221,1,3299282238583,20180835,1187925930990,333830
1440704222,1,3299282244509,5926,1187925936640,5650
1440704223,1,3299282248208,3699,1187925942916,6276
1440704224,1,3299283209378,961170,1187926048951,106035
1440704225,1,3299302175710,18966332,1187928732947,2683996
1440704226,1,3299302179262,3552,1187928755524,22577
1440704227,1,3299302217783,38521,1187928840527,85003
1440704228,1,3299303040814,823031,1187928856093,15566
1440704229,1,3299323434106,20393292,1187929211726,355633
1440704230,1,3299323439090,4984,1187929219737,8011
1440704231,1,3299323449703,10613,1187929241184,21447
1440704232,1,3299323961468,511765,1187929361250,120066
1440704233,1,3299344584581,20623113,1187929662587,301337
1440704234,1,3299344585553,972,1187929663447,860
1440704235,1,3299344586998,1445,1187929664355,908
1440704236,1,3299345410158,823160,1187929686618,22263
1440704237,1,3299365577822,20167664,1187929941078,254460
1440704238,1,3299365608331,30509,1187929996674,55596
1440704239,1,3299365615327,6996,1187930120836,124162
1440704240,1,3299366642830,1027503,1187930136405,15569
1440704241,1,3299386501612,19858782,1187930361551,225146
1440704242,1,3299386503327,1715,1187930372602,11051
1440704243,1,3299386513507,10180,1187930395413,22811
1440704244,1,3299387207685,694178,1187930467798,72385
1440704245,1,3299407868621,20660936,1187930780004,312206
1440704246,1,3299407900585,31964,1187930799438,19434
1440704247,1,3299407907707,7122,1187930820609,21171
1440704248,1,3299408523333,615626,1187930840409,19800
1440704249,1,3299428595718,20072385,1187931088695,248286
1440704250,1,3299428618302,22584,1187931135765,47070
1440704251,1,3299428621441,3139,1187931146955,11190
1440704252,1,3299429654874,1033433,1187931256883,109928
1440704253,1,3299449593682,19938808,1187931600329,343446
1440704254,1,3299449595838,2156,1187931611687,11358
1440704255,1,3299449621642,25804,1187934115457,2503770
1440704256,1,3299449936428,314786,1187934123187,7730
1440704257,1,3299471183920,21247492,1187934390318,267131
1440704258,1,3299471184264,344,1187934392276,1958
1440704259,1,3299471186095,1831,1187934395114,2838
1440704260,1,3299472760107,1574012,1187934421394,26280
1440704261,1,3299492403900,19643793,1187934668446,247052
1440704262,1,3299492405208,1308,1187934671724,3278
1440704263,1,3299492406986,1778,1187934676226,4502
1440704264,1,3299492570254,163268,1187934682076,5850
1440704265,1,3299512645080,20074826,1187934965804,283728
1440704266,1,3299512646986,1906,1187934977975,12171
1440704267,1,3299512649387,2401,1187934980866,2891
1440704268,1,3299512655082,5695,1187935062540,81674
1440704269,1,3299534072972,21417890,1187935332678,270138
1440704270,1,3299534076994,4022,1187935367822,35144
1440704271,1,3299534078038,1044,1187935371090,3268
1440704272,1,3299534079622,1584,1187935384714,13624
1440704273,1,3299555633039,21553417,1187935720077,335363
1440704274,1,3299555635685,2646,1187935724073,3996
1440704275,1,3299555638116,2431,1187935736847,12774
1440704276,1,3299555642237,4121,1187935740671,3824
1440704277,1,3299576012659,20370422,1187935987295,246624
1440704278,1,3299576013936,1277,1187935999833,12538
1440704279,1,3299576017995,4059,1187936006903,7070
1440704280,1,3299576145523,127528,1187936013395,6492
1440704281,1,3299596650104,20504581,1187936268706,255311
1440704282,1,3299596653277,3173,1187936272300,3594
1440704283,1,3299596655641,2364,1187936276934,4634
1440704284,1,3299596893168,237527,1187939161766,2884832
1440704285,1,3299617890983,20997815,1187939415752,253986
1440704286,1,3299617893245,2262,1187939419632,3880
1440704287,1,3299617894636,1391,1187939433020,13388
1440704288,1,3299618238001,343365,1187939442385,9365
1440704289,1,3299638094941,19856940,1187939681668,239283
1440704290,1,3299638098956,4015,1187939695587,13919
1440704291,1,3299638101116,2160,1187939699367,3780
1440704292,1,3299639690564,1589448,1187939728659,29292
1440704293,1,3299658950013,19259449,1187939990838,262179
1440704294,1,3299658951505,1492,1187939994846,4008
1440704295,1,3299658953914,2409,1187939998906,4060
1440704296,1,3299661106040,2152126,1187940038972,40066
1440704297,1,3299679278628,18172588,1187940253930,214958
1440704298,1,3299679283276,4648,1187940337158,83228
1440704299,1,3299679284662,1386,1187940351084,13926
1440704300,1,3299681985395,2700733,1187940388629,37545
1440704301,1,3299700036409,18051014,1187940608042,219413
1440704302,1,3299700040326,3917,1187940623917,15875
1440704303,1,3299700041574,1248,1187940628711,4794
1440704304,1,3299709086158,9044584,1187940744762,116051
1440704306,2,3299719987048,10900890,1187940888562,143800
1440704307,1,3299719988902,1854,1187940889788,1226
1440704308,1,3299719992442,3540,1187940890460,672
1440704309,1,3299740426055,20433613,1187941147537,257077
1440704310,1,3299740432990,6935,1187941151264,3727
1440704311,1,3299740435472,2482,1187941157668,6404
1440704312,1,3299740438722,3250,1187941162390,4722
1440704313,1,3299761630626,21191904,1187941460276,297886
1440704314,1,3299761632213,1587,1187941461453,1177
1440704315,1,3299761656665,24452,1187943904839,2443386
1440704316,1,3299761658481,1816,1187943905967,1128
1440704317,1,3299781547197,19888716,1187944144781,238814
1440704318,1,3299781550286,3089,1187944154005,9224
1440704319,1,3299781553736,3450,1187944155648,1643
1440704320,1,3299781651765,98029,1187944160259,4611
1440704321,1,3299801938746,20286981,1187944411431,251172
1440704322,1,3299801940612,1866,1187944412643,1212
1440704323,1,3299801943637,3025,1187944414892,2249
1440704324,1,3299802473502,529865,1187944434537,19645
1440704325,1,3299822444970,19971468,1187944674082,239545
1440704326,1,3299822446266,1296,1187944675808,1726
1440704327,1,3299822447172,906,1187944686756,10948
1440704328,1,3299823405034,957862,1187944701406,14650
1440704329,1,3299844132237,20727203,1187945029626,328220
1440704330,1,3299844134819,2582,1187945041736,12110
1440704331,1,3299844137047,2228,1187945044942,3206
1440704332,1,3299852750570,8613523,1187945159095,114153
1440704333,1,3299864513790,11763220,1187945328088,168993
1440704334,1,3299864517541,3751,1187945331363,3275
1440704335,1,3299864519748,2207,1187945343448,12085
1440704336,1,3299876723403,12203655,1187945491597,148149
1440704337,1,3299884563443,7840040,1187945586451,94854
1440704338,1,3299884565734,2291,1187945598982,12531
1440704339,1,3299884567975,2241,1187945602096,3114
1440704340,1,3299884568619,644,1187945604344,2248
1440704341,1,3299884575660,7041,1187945731200,126856
1440704342,1,3299905375912,20800252,1187946210321,479121
1440704343,1,3299905378048,2136,1187946214261,3940
1440704344,1,3299905411358,33310,1187949395757,3181496
1440704345,1,3299905414382,3024,1187949398755,2998
1440704346,1,3299927023488,21609106,1187949659067,260312
1440704347,1,3299927025927,2439,1187949671236,12169
1440704348,1,3299927027787,1860,1187949673838,2602
1440704349,1,3299927029594,1807,1187949677324,3486
1440704350,1,3299948179841,21150247,1187949943158,265834
1440704351,1,3299948181364,1523,1187949946409,3251
1440704352,1,3299948184025,2661,1187949949680,3271
1440704353,1,3299948323108,139083,1187949966279,16599
1440704355,2,3299969089520,20766412,1187950217099,250820
1440704356,1,3299969093512,3992,1187950220386,3287
1440704357,1,3299969095378,1866,1187950232929,12543
1440704358,1,3299969506829,411451,1187950243115,10186
1440704359,1,3299989939990,20433161,1187950489231,246116
1440704360,1,3299989943616,3626,1187950581432,92201
1440704361,1,3299989945937,2321,1187950585201,3769
1440704362,1,3299990971257,1025320,1187950599959,14758
1440704363,1,3300010410867,19439610,1187950781889,181930
1440704364,1,3300010411729,862,1187950785731,3842
1440704365,1,3300010415288,3559,1187950790812,5081
1440704366,1,3300011114917,699629,1187950817264,26452
1440704367,1,3300031671984,20557067,1187951065653,248389
1440704368,1,3300031676151,4167,1187951070062,4409
1440704369,1,3300031680299,4148,1187951083624,13562
1440704370,1,3300035264105,3583806,1187951137742,54118
1440704371,1,3300052785963,17521858,1187951349476,211734
1440704372,1,3300052790196,4233,1187951363315,13839
1440704373,1,3300052795143,4947,1187951367823,4508
1440704374,1,3300061897960,9102817,1187951560096,192273
1440704375,1,3300073939228,12041268,1187952226421,666325
1440704376,1,3300073940534,1306,1187952230977,4556
1440704377,1,3300073944135,3601,1187952236163,5186
1440704378,1,3300081192709,7248574,1187952334811,98648
1440704379,1,3300094523556,13330847,1187952497677,162866
1440704380,1,3300094525445,1889,1187952503132,5455
1440704381,1,3300094527462,2017,1187952517387,14255
1440704382,1,3300114711297,20183835,1187952694905,177518
1440704383,1,3300115218979,507682,1187952708655,13750
1440704384,1,3300115224193,5214,1187952721905,13250
1440704385,1,3300115228220,4027,1187952723179,1274
1440704386,1,3300136074110,20845890,1187952973753,250574
1440704387,1,3300136075036,926,1187952983891,10138
1440704388,1,3300136077000,1964,1187952986675,2784
1440704389,1,3300136080866,3866,1187953066077,79402
1440704390,1,3300156596657,20515791,1187953323271,257194
1440704391,1,3300156599739,3082,1187953326280,3009
1440704392,1,3300156600994,1255,1187953327181,901
1440704393,1,3300156676487,75493,1187953409054,81873
1440704394,1,3300177047387,20370900,1187953653100,244046
1440704395,1,3300177049241,1854,1187953654624,1524
1440704396,1,3300177053929,4688,1187953666771,12147
1440704397,1,3300177359549,305620,1187953673045,6274
1440704398,1,3300197167711,19808162,1187953911467,238422
1440704399,1,3300197169097,1386,1187953915069,3602
1440704400,1,3300197170544,1447,1187953916388,1319
1440704401,1,3300198470880,1300336,1187953935208,18820
1440704402,1,3300217549193,19078313,1187954139458,204250
1440704403,1,3300217550416,1223,1187954140774,1316
1440704404,1,3300217558281,7865,1187954397636,256862
1440704405,1,3300222068121,4509840,1187954464102,66466
1440704406,1,3300238605907,16537786,1187954663082,198980
1440704407,1,3300238607678,1771,1187954664940,1858
1440704408,1,3300238609224,1546,1187954676012,11072
1440704409,1,3300245596689,6987465,1187954793437,117425
1440704410,1,3300259281013,13684324,1187954958805,165368
1440704411,1,3300259284010,2997,1187954970616,11811
1440704412,1,3300259290636,6626,1187955027693,57077
1440704413,1,3300273630832,14340196,1187955201019,173326
1440704414,1,3300280071227,6440395,1187955289478,88459
1440704415,1,3300280073247,2020,1187955291844,2366
1440704416,1,3300280074520,1273,1187955294198,2354
1440704417,1,3300301063683,20989163,1187955555813,261615
1440704418,1,3300301068746,5063,1187955637510,81697
1440704419,1,3300301071038,2292,1187955640056,2546
1440704420,1,3300301073389,2351,1187955652561,12505
1440704421,1,3300322028950,20955561,1187955905545,252984
1440704422,1,3300322030992,2042,1187955908847,3302
1440704423,1,3300322033564,2572,1187955920069,11222
1440704424,1,3300322035370,1806,1187955923411,3342
1440704425,1,3300343091291,21055921,1187956185731,262320
1440704426,1,3300343096084,4793,1187956199715,13984
1440704427,1,3300343098532,2448,1187956203440,3725
1440704428,1,3300343103028,4496,1187956207832,4392
1440704429,1,3300363759109,20656081,1187956469846,262014
1440704430,1,3300363761653,2544,1187956478539,8693
1440704432,2,3300363764699,3046,1187956481615,3076
1440704433,1,3300364723088,958389,1187956507661,26046
1440704434,1,3300385179012,20455924,1187956842814,335153
1440704435,1,3300385181964,2952,1187956846313,3499
1440704436,1,3300385183820,1856,1187956859259,12946
1440704437,1,3300385800192,616372,1187956871881,12622
1440704438,1,3300405910743,20110551,1187957116805,244924
1440704439,1,3300405911335,592,1187957129665,12860
1440704440,1,3300405917182,5847,1187957604144,474479
1440704441,1,3300409197555,3280373,1187957649595,45451
1440704442,1,3300426993532,17795977,1187957865213,215618
1440704443,1,3300426998078,4546,1187957924329,59116
1440704444,1,3300427000921,2843,1187957928782,4453
1440704445,1,3300433394207,6393286,1187958014354,85572
1440704446,1,3300446897336,13503129,1187958178734,164380
1440704447,1,3300446897936,600,1187958182490,3756
1440704448,1,3300446902328,4392,1187958274637,92147
1440704449,1,3300467734881,20832553,1187958527855,253218
1440704450,1,3300467737520,2639,1187958532327,4472
1440704451,1,3300467742388,4868,1187958546979,14652
1440704452,1,3300467814914,72526,1187958554389,7410
1440704453,1,3300488674508,20859594,1187958807863,253474
1440704454,1,3300488682526,8018,1187958898729,90866
1440704455,1,3300488685803,3277,1187958904198,5469
1440704456,1,3300488879158,193355,1187958918052,13854
1440704457,1,3300509352003,20472845,1187959178019,259967
1440704458,1,3300509354041,2038,1187959183218,5199
1440704459,1,3300509355569,1528,1187959187674,4456
1440704460,1,3300509973224,617655,1187959211453,23779
1440704461,1,3300530350808,20377584,1187959453449,241996
1440704462,1,3300530356315,5507,1187959458846,5397
1440704463,1,3300530359535,3220,1187959547389,88543
1440704464,1,3300544148109,13788574,1187959715685,168296
1440704465,1,3300551512807,7364698,1187959803796,88111
1440704466,1,3300551514693,1886,1187959814046,10250
1440704467,1,3300551515687,994,1187959814630,584
1440704468,1,3300572743977,21228290,1187960066537,251907
1440704469,1,3300572748401,4424,1187960308101,241564
1440704470,1,3300572749349,948,1187960308845,744
1440704471,1,3300572751243,1894,1187960309736,891
1440704472,1,3300594444863,21693620,1187960581060,271324
1440704474,2,3300594446097,1234,1187960581960,900
1440704475,1,3300594447413,1316,1187960583011,1051
1440704476,1,3300594450113,2700,1187960593815,10804
1440704477,1,3300610372840,15922727,1187960785223,191408
1440704478,1,3300610375669,2829,1187960786920,1697
1440704479,1,3300610376511,842,1187960797498,10578
1440704480,1,3300610583063,206552,1187960891018,93520
1440704481,1,3300612491762,1908699,1187960917242,26224
1440704482,1,3300622410401,9918639,1187961047019,129777
1440704483,1,3300643253911,20843510,1187961317693,270674
1440704484,1,3300643258349,4438,1187961320653,2960
1440704485,1,3300643261497,3148,1187961332844,12191
1440704486,1,3300644018607,757110,1187961354846,22002
1440704487,1,3300665412666,21394059,1187961606810,251964
1440704488,1,3300665415156,2490,1187961618284,11474
1440704489,1,3300665416440,1284,1187961620606,2322
1440704490,1,3300665966861,550421,1187961631435,10829
1440704491,1,3300687030297,21063436,1187961896001,264566
1440704492,1,3300687034298,4001,1187961898782,2781
1440704493,1,3300687036974,2676,1187961900956,2174
1440704494,1,3300689226644,2189670,1187962019530,118574
1440704495,1,3300708253485,19026841,1187962242992,223462
1440704496,1,3300708255519,2034,1187962245537,2545
1440704497,1,3300708259048,3529,1187962258439,12902
1440704498,1,3300711582678,3323630,1187962303590,45151
1440704499,1,3300728996127,17413449,1187962509011,205421
1440704500,1,3300729002516,6389,1187962680228,171217
1440704501,1,3300729002860,344,1187962682642,2414
1440704502,1,3300735758988,6756128,1187962765773,83131
1440704503,1,3300749824507,14065519,1187962939684,173911
1440704504,1,3300749826473,1966,1187962942666,2982
1440704505,1,3300749828115,1642,1187962945366,2700
1440704506,1,3300770520969,20692854,1187963199720,254354
1440704507,1,3300771040712,519743,1187963208662,8942
1440704508,1,3300771045640,4928,1187963267350,58688
1440704509,1,3300771048484,2844,1187963358595,91245
1440704510,1,3300791799077,20750593,1187963606312,247717
1440704511,1,3300792493497,694420,1187963619756,13444
1440704512,1,3300792497161,3664,1187963698940,79184
1440704513,1,3300792505519,8358,1187963778960,80020
1440704514,1,3300813586549,21081030,1187964030029,251069
1440704515,1,3300813587858,1309,1187964042502,12473
1440704516,1,3300813590685,2827,1187964046288,3786
1440704517,1,3300813593777,3092,1187964049727,3439
1440704518,1,3300813780006,186229,1187964067556,17829
1440704519,1,3300833813403,20033397,1187964305085,237529
1440704520,1,3300833816909,3506,1187964309563,4478
1440704521,1,3300833817745,836,1187964323041,13478
1440704522,1,3300834275425,457680,1187964456352,133311
1440704523,1,3300854069841,19794416,1187964915392,459040
1440704524,1,3300854077619,7778,1187965002529,87137
1440704525,1,3300854083285,5666,1187965008811,6282
1440704526,1,3300858186716,4103431,1187965062985,54174
1440704527,1,3300875920878,17734162,1187965299591,236606
1440704529,2,3300875922731,1853,1187965303758,4167
1440704530,1,3300875943713,20982,1187967229604,1925846
1440704531,1,3300896992857,21049144,1187967482410,252806
1440704532,1,3300896998363,5506,1187967486997,4587
1440704533,1,3300897001071,2708,1187967501111,14114
1440704534,1,3300897005663,4592,1187967506141,5030
1440704535,1,3300918053228,21047565,1187967735966,229825
1440704536,1,3300918056342,3114,1187967750145,14179
1440704537,1,3300918063714,7372,1187967756591,6446
1440704538,1,3300918529602,465888,1187967847488,90897
1440704539,1,3300939673777,21144175,1187968108358,260870
1440704540,1,3300939675683,1906,1187968113188,4830
1440704541,1,3300939678240,2557,1187968156908,43720
1440704542,1,3300942551379,2873139,1187968205314,48406
1440704543,1,3300959644108,17092729,1187968404873,199559
1440704544,1,3300959646249,2141,1187968406279,1406
1440704545,1,3300959650608,4359,1187968417794,11515
1440704546,1,3300978322242,18671634,1187968639242,221448
1440704547,1,3300980139939,1817697,1187968661616,22374
1440704549,2,3300980142267,2328,1187968672154,10538
1440704550,1,3300980144784,2517,1187968675008,2854
1440704551,1,3301002213475,22068691,1187968940597,265589
1440704552,1,3301002217156,3681,1187968944109,3512
1440704553,1,3301002226549,9393,1187969045516,101407
1440704554,1,3301002327246,100697,1187969052363,6847
1440704555,1,3301023343639,21016393,1187969298321,245958
1440704556,1,3301023349558,5919,1187969359967,61646
1440704557,1,3301023352139,2581,1187969364496,4529
1440704558,1,3301026177375,2825236,1187969400918,36422
1440704559,1,3301044403560,18226185,1187969614910,213992
1440704560,1,3301044409301,5741,1187970107145,492235
1440704561,1,3301044412293,2992,1187970109251,2106
1440704562,1,3301048412233,3999940,1187970151355,42104
1440704563,1,3301065080144,16667911,1187970345534,194179
1440704564,1,3301065082585,2441,1187970347911,2377
1440704565,1,3301065086847,4262,1187970350463,2552
1440704566,1,3301083946629,18859782,1187970582500,232037
1440704567,1,3301085274926,1328297,1187970599846,17346
1440704568,1,3301085280448,5522,1187970681014,81168
1440704569,1,3301085282596,2148,1187970685380,4366
1440704570,1,3301105781774,20499178,1187970928394,243014
1440704571,1,3301105785020,3246,1187970932334,3940
1440704572,1,3301105786906,1886,1187970943950,11616
1440704574,2,3301106165210,378304,1187970952241,8291
1440704575,1,3301126544222,20379012,1187971192172,239931
1440704576,1,3301126553100,8878,1187971281371,89199
1440704577,1,3301126554766,1666,1187971283597,2226
1440704578,1,3301128811531,2256765,1187971315261,31664
1440704579,1,3301147874455,19062924,1187971540606,225345
1440704580,1,3301147876742,2287,1187971543095,2489
1440704581,1,3301147877086,344,1187971545533,2438
1440704582,1,3301150098881,2221795,1187971584492,38959
1440704583,1,3301169343896,19245015,1187971891947,307455
1440704584,1,3301169344598,702,1187971894619,2672
1440704585,1,3301169429273,84675,1187971910714,16095
1440704586,1,3301185885563,16456290,1187972108868,198154
1440704587,1,3301190671998,4786435,1187972167466,58598
1440704588,1,3301190676322,4324,1187972179064,11598
1440704589,1,3301190678477,2155,1187972182033,2969
1440704590,1,3301209391957,18713480,1187972488091,306058
1440704591,1,3301212066946,2674989,1187972531376,43285
1440704592,1,3301212068026,1080,1187972534406,3030
1440704593,1,3301212069268,1242,1187972537488,3082
1440704594,1,3301228987447,16918179,1187972759995,222507
1440704595,1,3301233381842,4394395,1187972847336,87341
1440704596,1,3301233383518,1676,1187972860648,13312
1440704597,1,3301233385923,2405,1187972864537,3889
1440704598,1,3301242755947,9370024,1187973057464,192927
1440704599,1,3301253378099,10622152,1187973186366,128902
1440704600,1,3301253381269,3170,1187973191026,4660
1440704601,1,3301253383838,2569,1187973194936,3910
1440704602,1,3301274208175,20824337,1187973453742,258806
1440704603,1,3301301691929,27483754,1187973498944,45202
1440704604,1,3301353953130,52261201,1187973557570,58626
1440704605,1,3301407564240,53611110,1187973627358,69788
1440704606,1,3301472653682,65089442,1187973986961,359603
1440704607,1,3301472655324,1642,1187973991285,4324
1440704608,1,3301472659454,4130,1187974006141,14856
1440704609,1,3301472664059,4605,1187974010886,4745
1440704610,1,3301494274362,21610303,1187974276023,265137
1440704611,1,3301494279560,5198,1187974290681,14658
1440704612,1,3301494285198,5638,1187974295874,5193
1440704613,1,3301494360688,75490,1187974381854,85980
1440704614,1,3301515627370,21266682,1187974644178,262324
1440704615,1,3301515628812,1442,1187974648818,4640
1440704616,1,3301515630503,1691,1187974653510,4692
1440704617,1,3301515838858,208355,1187974665079,11569
1440704619,2,3301536726005,20887147,1187974912815,247736
1440704620,1,3301536736107,10102,1187975557003,644188
1440704621,1,3301536739355,3248,1187975567777,10774
1440704622,1,3301537357301,617946,1187975578053,10276
1440704623,1,3301557959312,20602011,1187975819802,241749
1440704624,1,3301557960250,938,1187975829870,10068
1440704625,1,3301557961250,1000,1187975831298,1428
1440704626,1,3301558988260,1027010,1187975846036,14738
1440704627,1,3301578799848,19811588,1187976082906,236870
1440704628,1,3301578802692,2844,1187976162482,79576
1440704629,1,3301578803036,344,1187976163352,870
1440704630,1,3301579525351,722315,1187976180883,17531
1440704631,1,3301599998055,20472704,1187976422902,242019
1440704632,1,3301600000745,2690,1187976425840,2938
1440704633,1,3301600002956,2211,1187976430719,4879
1440704634,1,3301611581038,11578082,1187976664786,234067
1440704635,1,3301621442418,9861380,1187976833937,169151
1440704636,1,3301621444017,1599,1187976844930,10993
1440704637,1,3301621445915,1898,1187976846548,1618
1440704638,1,3301634951522,13505607,1187977006557,160009
1440704639,1,3301642794124,7842602,1187977110095,103538
1440704640,1,3301642795614,1490,1187977111615,1520
1440704641,1,3301642797444,1830,1187977113154,1539
1440704642,1,3301660112314,17314870,1187977403733,290579
1440704643,1,3301664629837,4517523,1187977459129,55396
1440704644,1,3301664630405,568,1187977461017,1888
1440704645,1,3301664634504,4099,1187977488010,26993
1440704646,1,3301671125319,6490815,1187977566560,78550
1440704647,1,3301684894183,13768864,1187977727481,160921
1440704648,1,3301684897291,3108,1187977739006,11525
1440704649,1,3301684901799,4508,1187977906919,167913
1440704650,1,3301698027647,13125848,1187978062526,155607
1440704651,1,3301705809928,7782281,1187978093785,31259
1440704652,1,3301705813780,3852,1187978096348,2563
1440704653,1,3301705816783,3003,1187978098963,2615
1440704654,1,3301726937597,21120814,1187978358857,259894
1440704655,1,3301726939737,2140,1187978361391,2534
1440704656,1,3301726944738,5001,1187978442705,81314
1440704657,1,3301726948314,3576,1187978447674,4969
1440704658,1,3301748507798,21559484,1187978702398,254724
1440704659,1,3301748510978,3180,1187978705370,2972
1440704660,1,3301748513403,2425,1187978710429,5059
1440704661,1,3301748514109,706,1187978714643,4214
1440704663,2,3301769200703,20686594,1187978877182,162539
1440704664,1,3301769203978,3275,1187978890595,13413
1440704665,1,3301769205567,1589,1187978894066,3471
1440704666,1,3301769344115,138548,1187978900763,6697
1440704667,1,3301789861678,20517563,1187979116045,215282
1440704668,1,3301789864508,2830,1187979119211,3166
1440704669,1,3301789867249,2741,1187979123088,3877
1440704670,1,3301790619392,752143,1187979149061,25973
1440704671,1,3301810526108,19906716,1187979389362,240301
1440704672,1,3301810529904,3796,1187979471428,82066
1440704673,1,3301810532462,2558,1187979484452,13024
1440704674,1,3301812175435,1642973,1187979509308,24856
1440704675,1,3301832072884,19897449,1187979744736,235428
1440704676,1,3301832076994,4110,1187979751873,7137
1440704677,1,3301832078956,1962,1187979755621,3748
1440704678,1,3301833380310,1301354,1187979777297,21676
1440704679,1,3301852513655,19133345,1187979969705,192408
1440704680,1,3301852515456,1801,1187979974050,4345
1440704681,1,3301852516100,644,1187979977710,3660
1440704682,1,3301855257066,2740966,1187980005932,28222
1440704683,1,3301873465997,18208931,1187980221950,216018
1440704684,1,3301873468300,2303,1187980225873,3923
1440704685,1,3301873472822,4522,1187980401193,175320
1440704686,1,3301873702750,229928,1187980410115,8922
1440704687,1,3301894134376,20431626,1187980751199,341084
1440704688,1,3301894136476,2100,1187980764841,13642
1440704689,1,3301894137914,1438,1187980771471,6630
1440704690,1,3301895401460,1263546,1187984296219,3524748
1440704691,1,3301915209002,19807542,1187984533983,237764
1440704692,1,3301915210952,1950,1187984539483,5500
1440704693,1,3301915220608,9656,1187984621681,82198
1440704694,1,3301915223278,2670,1187984628679,6998
1440704695,1,3301919679403,4456125,1187984687259,58580
1440704696,1,3301935517317,15837914,1187984875639,188380
1440704697,1,3301935520114,2797,1187984889858,14219
1440704698,1,3301935522682,2568,1187984894893,5035
1440704699,1,3301944001696,8479014,1187984996225,101332
1440704700,1,3301957036337,13034641,1187985156975,160750
1440704701,1,3301957038138,1801,1187985157574,599
1440704702,1,3301957049864,11726,1187985361637,204063
1440704703,1,3301967356251,10306387,1187985718672,357035
1440704704,1,3301978287376,10931125,1187985846960,128288
1440704705,1,3301978289546,2170,1187985847680,720
1440704706,1,3301978291032,1486,1187985851142,3462
1440704707,1,3301998810874,20519842,1187986093504,242362
1440704708,1,3301999551571,740697,1187986103252,9748
1440704709,1,3301999553742,2171,1187986113716,10464
1440704710,1,3301999556124,2382,1187986115886,2170
1440704711,1,3302020262598,20706474,1187986358242,242356
1440704712,1,3302020264865,2267,1187986361719,3477
1440704713,1,3302020266952,2087,1187986362929,1210
1440704714,1,3302020267992,1040,1187986364121,1192
1440704715,1,3302041622099,21354107,1187986564514,200393
1440704716,1,3302041623785,1686,1187986565814,1300
1440704717,1,3302041627633,3848,1187986646181,80367
1440704718,1,3302041631321,3688,1187986650588,4407
1440704719,1,3302062493807,20862486,1187986897463,246875
1440704720,1,3302062513833,20026,1187988900645,2003182
1440704721,1,3302062515067,1234,1187988911777,11132
1440704722,1,3302062691595,176528,1187988917327,5550
1440704723,1,3302082465280,19773685,1187989074064,156737
1440704724,1,3302082469153,3873,1187989091496,17432
1440704725,1,3302082472093,2940,1187989095072,3576
1440704726,1,3302082473659,1566,1187989097778,2706
1440704727,1,3302082476773,3114,1187989109963,12185
1440704728,1,3302082651305,174532,1188007379944,18269981
1440704729,1,3302083084186,432881,1188007389451,9507
1440704730,1,3302103560710,20476524,1188007645086,255635
1440704731,1,3302103565680,4970,1188007726280,81194
1440704732,1,3302103569962,4282,1188007728985,2705
1440704733,1,3302106423490,2853528,1188007776788,47803
1440704734,1,3302124191773,17768283,1188007985207,208419
1440704735,1,3302124194764,2991,1188007988414,3207
1440704736,1,3302124196826,2062,1188008000972,12558
1440704738,2,3302145204206,21007380,1188008250366,249394
1440704739,1,3302145205801,1595,1188008254844,4478
1440704740,1,3302145207226,1425,1188008258175,3331
1440704741,1,3302145208873,1647,1188008260984,2809
1440704742,1,3302166243434,21034561,1188008418388,157404
1440704743,1,3302166244872,1438,1188008421910,3522
1440704744,1,3302166245682,810,1188008424716,2806
1440704745,1,3302166345486,99804,1188008434304,9588
1440704746,1,3302177134116,10788630,1188008562243,127939
1440704747,1,3302177137396,3280,1188008644205,81962
1440704748,1,3302177176523,39127,1188008667470,23265
1440704749,1,3302179088027,1911504,1188008695216,27746
1440704750,1,3302182312798,3224771,1188009155733,460517
1440704751,1,3302210091833,27779035,1188009384148,228415
1440704752,1,3302210093105,1272,1188009388432,4284
1440704753,1,3302210101261,8156,1188009470044,81612
1440704754,1,3302210103661,2400,1188009482944,12900
1440704755,1,3302230632522,20528861,1188009728642,245698
1440704756,1,3302230634860,2338,1188009732561,3919
1440704757,1,3302230637907,3047,1188009738308,5747
1440704758,1,3302230778585,140678,1188009745800,7492
1440704759,1,3302251549074,20770489,1188009990276,244476
1440704760,1,3302251550064,990,1188009996148,5872
1440704761,1,3302251554477,4413,1188010079560,83412
1440704762,1,3302251967307,412830,1188010090361,10801
1440704763,1,3302271917782,19950475,1188010329132,238771
1440704764,1,3302271919945,2163,1188010333533,4401
1440704765,1,3302271922540,2595,1188010337986,4453
1440704766,1,3302275828160,3905620,1188010400353,62367
1440704767,1,3302291616284,15788124,1188010587067,186714
1440704768,1,3302291619740,3456,1188010591396,4329
1440704769,1,3302291621734,1994,1188010605226,13830
1440704770,1,3302311304561,19682827,1188010842241,237015
1440704771,1,3302311900364,595803,1188010855229,12988
1440704772,1,3302311905145,4781,1188010869394,14165
1440704773,1,3302311909889,4744,1188010874753,5359
1440704774,1,3302331983682,20073793,1188011189015,314262
1440704776,2,3302331985326,1644,1188011203233,14218
1440704777,1,3302331990072,4746,1188011282541,79308
1440704778,1,3302332103441,113369,1188011286537,3996
1440704779,1,3302352824287,20720846,1188011542107,255570
1440704780,1,3302352825591,1304,1188011542919,812
1440704781,1,3302352825993,402,1188011543479,560
1440704782,1,3302353009592,183599,1188011556871,13392
1440704783,1,3302372982245,19972653,1188011790690,233819
1440704784,1,3302372988467,6222,1188011794452,3762
1440704785,1,3302372996443,7976,1188011809223,14771
1440704786,1,3302373954717,958274,1188011824406,15183
1440704787,1,3302393713730,19759013,1188012053371,228965
1440704788,1,3302393716390,2660,1188012063993,10622
1440704789,1,3302393720124,3734,1188012094413,30420
1440704790,1,3302401328952,7608828,1188012433705,339292
1440704791,1,3302414965669,13636717,1188012606734,173029
1440704792,1,3302414969423,3754,1188012686914,80180
1440704793,1,3302414971393,1970,1188012688776,1862
1440704794,1,3302430307698,15336305,1188012878994,190218
1440704795,1,3302434570251,4262553,1188012940571,61577
1440704796,1,3302434573009,2758,1188012942338,1767
1440704797,1,3302434576665,3656,1188012947336,4998
1440704798,1,3302452718518,18141853,1188013160622,213286
1440704799,1,3302455506582,2788064,1188013200244,39622
1440704800,1,3302455506926,344,1188013201824,1580
1440704801,1,3302461746997,6240071,1188013277498,75674
1440704803,2,3302475327042,13580045,1188013397585,120087
1440704804,1,3302475329725,2683,1188013407211,9626
1440704805,1,3302475331307,1582,1188013414519,7308
1440704806,1,3302483185166,7853859,1188013506911,92392
1440704807,1,3302495689887,12504721,1188013743163,236252
1440704808,1,3302495690925,1038,1188013745189,2026
1440704809,1,3302495692413,1488,1188013747267,2078
1440704810,1,3302503263191,7570778,1188013845911,98644
1440704811,1,3302516186544,12923353,1188013993713,147802
1440704812,1,3302516190304,3760,1188013997388,3675
1440704813,1,3302516192704,2400,1188014009100,11712
1440704814,1,3302530127763,13935059,1188014173191,164091
1440704815,1,3302536669624,6541861,1188014252115,78924
1440704816,1,3302536671770,2146,1188014257167,5052
1440704817,1,3302536673952,2182,1188014259941,2774
1440704818,1,3302557334451,20660499,1188014502735,242794
1440704819,1,3302557335863,1412,1188014515367,12632
1440704820,1,3302557337081,1218,1188014518423,3056
1440704821,1,3302557342332,5251,1188014600483,82060
1440704822,1,3302577230695,19888363,1188014783853,183370
1440704823,1,3302577234038,3343,1188014787930,4077
1440704824,1,3302577234970,932,1188014800290,12360
1440704825,1,3302577236773,1803,1188014804690,4400
1440704826,1,3302596989413,19752640,1188015036241,231551
1440704827,1,3302596992228,2815,1188015040440,4199
1440704828,1,3302596995617,3389,1188015054471,14031
1440704829,1,3302597475486,479869,1188015065409,10938
1440704830,1,3302617184479,19708993,1188015848615,783206
1440704831,1,3302617188807,4328,1188015861969,13354
1440704832,1,3302617190781,1974,1188015865440,3471
1440704833,1,3302618699674,1508893,1188015888345,22905
1440704834,1,3302636912512,18212838,1188016118405,230060
1440704835,1,3302636921423,8911,1188016199558,81153
1440704836,1,3302636925948,4525,1188016291731,92173
1440704837,1,3302657540031,20614083,1188016535732,244001
1440704838,1,3302657541223,1192,1188016539492,3760
1440704839,1,3302657541861,638,1188016553006,13514
1440704840,1,3302657543081,1220,1188016556876,3870
1440704841,1,3302678189600,20646519,1188016800124,243248
1440704842,1,3302678191814,2214,1188016812621,12497
1440704843,1,3302678193921,2107,1188016817038,4417
1440704844,1,3302678265293,71372,1188016824341,7303
1440704845,1,3302698231438,19966145,1188017069703,245362
1440704846,1,3302698232180,742,1188017074359,4656
1440704847,1,3302698234444,2264,1188017079331,4972
1440704848,1,3302698672048,437604,1188017098631,19300
1440704849,1,3302718689379,20017331,1188017334424,235793
1440704850,1,3302718692197,2818,1188017346818,12394
1440704851,1,3302718696755,4558,1188017439850,93032
1440704852,1,3302721291926,2595171,1188017476146,36296
1440704853,1,3302739388347,18096421,1188017647699,171553
1440704854,1,3302739394996,6649,1188017684165,36466
1440704855,1,3302739397553,2557,1188017685286,1121
1440704856,1,3302743260362,3862809,1188017732703,47417
1440704857,1,3302758925709,15665347,1188017924016,191313
1440704858,1,3302758927328,1619,1188017925001,985
1440704859,1,3302758931373,4045,1188017926197,1196
1440704861,2,3302774105786,15174413,1188018112998,186801
1440704862,1,3302780277566,6171780,1188018185139,72141
1440704863,1,3302780278256,690,1188018186199,1060
1440704864,1,3302780278976,720,1188018189277,3078
1440704865,1,3302795882104,15603128,1188018552087,362810
1440704866,1,3302800197316,4315212,1188018603007,50920
1440704867,1,3302800200766,3450,1188018692625,89618
1440704868,1,3302800203304,2538,1188018693728,1103
1440704869,1,3302820081642,19878338,1188018925937,232209
1440704870,1,3302820083609,1967,1188018936924,10987
1440704871,1,3302820084365,756,1188018938340,1416
1440704872,1,3302820270241,185876,1188018944072,5732
1440704873,1,3302840500923,20230682,1188019187767,243695
1440704874,1,3302840503049,2126,1188019190371,2604
1440704875,1,3302840506048,2999,1188019192649,2278
1440704876,1,3302841328813,822765,1188019215071,22422
1440704877,1,3302860425661,19096848,1188019436115,221044
1440704878,1,3302860429207,3546,1188019438236,2121
1440704879,1,3302860430718,1511,1188019465412,27176
1440704880,1,3302861527093,1096375,1188019485998,20586
1440704881,1,3302880077394,18550301,1188019700936,214938
1440704882,1,3302880095655,18261,1188020138962,438026
1440704883,1,3302880098132,2477,1188020141654,2692
1440704884,1,3302898484355,18386223,1188020357812,216158
1440704885,1,3302900765794,2281439,1188020396103,38291
1440704886,1,3302900766844,1050,1188020398141,2038
1440704887,1,3302900768570,1726,1188020400935,2794
1440704888,1,3302921062354,20293784,1188020648445,247510
1440704889,1,3302921065917,3563,1188020650812,2367
1440704890,1,3302921066766,849,1188020653795,2983
1440704891,1,3302921139957,73191,1188020668275,14480
1440704892,1,3302940794723,19654766,1188020974663,306388
1440704893,1,3302940797662,2939,1188020977530,2867
1440704894,1,3302940799718,2056,1188020984348,6818
1440704895,1,3302941279857,480139,1188020994423,10075
1440704896,1,3302961081615,19801758,1188021304087,309664
1440704897,1,3302961082590,975,1188021316127,12040
1440704898,1,3302961083944,1354,1188021318801,2674
1440704899,1,3302961680424,596480,1188021331532,12731
1440704900,1,3302981330223,19649799,1188021798261,466729
1440704901,1,3302981332758,2535,1188021801718,3457
1440704902,1,3302981335251,2493,1188021805343,3625
1440704903,1,3302982440643,1105392,1188021828831,23488
1440704904,1,3303001073662,18633019,1188022041541,212710
1440704905,1,3303001075239,1577,1188022045423,3882
1440704906,1,3303001076960,1721,1188022051475,6052
1440704907,1,3303003735340,2658380,1188022087763,36288
1440704908,1,3303021333331,17597991,1188022233387,145624
1440704909,1,3303021335245,1914,1188022246626,13239
1440704910,1,3303021338969,3724,1188022255949,9323
1440704911,1,3303021344125,5156,1188022338638,82689
1440704912,1,3303041612752,20268627,1188022583460,244822
1440704913,1,3303041617406,4654,1188022587668,4208
1440704914,1,3303041620029,2623,1188022592085,4417
1440704915,1,3303041755399,135370,1188022608129,16044
1440704916,1,3303062149632,20394233,1188022847609,239480
1440704917,1,3303062151777,2145,1188022851665,4056
1440704918,1,3303062155265,3488,1188022865661,13996
1440704919,1,3303062772633,617368,1188022878230,12569
1440704920,1,3303082851471,20078838,1188023109147,230917
1440704921,1,3303082852529,1058,1188023122655,13508
1440704922,1,3303082854503,1974,1188023127481,4826
1440704923,1,3303083518925,664422,1188023140861,13380
1440704924,1,3303102592018,19073093,1188023373235,232374
1440704925,1,3303102594231,2213,1188023377876,4641
1440704926,1,3303102598707,4476,1188023461745,83869
1440704927,1,3303113589889,10991182,1188023598587,136842
1440704928,1,3303122887897,9298008,1188023710231,111644
1440704929,1,3303122890938,3041,1188023715170,4939
1440704931,2,3303122892110,1172,1188023729410,14240
1440704932,1,3303142003851,19111741,1188023956240,226830
1440704933,1,3303142896305,892454,1188023971312,15072
1440704934,1,3303142900617,4312,1188023981784,10472
1440704935,1,3303142921367,20750,1188025874481,1892697
1440704936,1,3303163482020,20560653,1188026115226,240745
1440704938,2,3303163488124,6104,1188026127206,11980
1440704939,1,3303163559213,71089,1188026130380,3174
1440704940,1,3303183467478,19908265,1188026370424,240044
1440704941,1,3303183470434,2956,1188026450205,79781
1440704942,1,3303183472102,1668,1188026451060,855
1440704943,1,3303183680953,208851,1188026466201,15141
1440704944,1,3303202904715,19223762,1188026688132,221931
1440704945,1,3303202907819,3104,1188026689962,1830
1440704946,1,3303202911010,3191,1188026700635,10673
1440704947,1,3303247262519,44351509,1188026807433,106798
1440704948,1,3303321731978,74469459,1188027105016,297583
1440704949,1,3303379502123,57770145,1188027175433,70417
1440704950,1,3303387173613,7671490,1188027189825,14392
1440704951,1,3303393090790,5917177,1188027259236,69411
1440704952,1,3303407325403,14234613,1188027433690,174454
1440704953,1,3303407332419,7016,1188027512008,78318
1440704954,1,3303407335522,3103,1188027513873,1865
1440704955,1,3303420080453,12744931,1188027693205,179332
1440704956,1,3303428061376,7980923,1188027870140,176935
1440704957,1,3303428062963,1587,1188027872169,2029
1440704958,1,3303428065624,2661,1188027883380,11211
1440704959,1,3303448190068,20124444,1188028116903,233523
1440704960,1,3303448754444,564376,1188028125643,8740
1440704961,1,3303448756279,1835,1188028136026,10383
1440704962,1,3303448757469,1190,1188028137936,1910
1440704963,1,3303469018128,20260659,1188028408513,270577
1440704964,1,3303469020932,2804,1188028414032,5519
1440704965,1,3303469024921,3989,1188028417745,3713
1440704966,1,3303469401579,376658,1188028427117,9372
1440704967,1,3303489765666,20364087,1188028704310,277193
1440704968,1,3303489767873,2207,1188028707265,2955
1440704969,1,3303489769945,2072,1188028709543,2278
1440704970,1,3303490884122,1114177,1188029267752,558209
1440704971,1,3303510403092,19518970,1188029574365,306613
1440704972,1,3303510405354,2262,1188029577009,2644
1440704973,1,3303510409112,3758,1188029589359,12350
1440704974,1,3303514945809,4536697,1188029806391,217032
1440704975,1,3303530284045,15338236,1188029985967,179576
1440704976,1,3303530286746,2701,1188029998391,12424
1440704977,1,3303530290683,3937,1188030002205,3814
1440704978,1,3303538706772,8416089,1188030101566,99361
1440704979,1,3303550018533,11311761,1188030244380,142814
1440704980,1,3303550019682,1149,1188030247987,3607
1440704981,1,3303550021031,1349,1188030250913,2926
1440704982,1,3303570498066,20477035,1188030502523,251610
1440704983,1,3303571041208,543142,1188030511787,9264
1440704984,1,3303571044625,3417,1188030515170,3383
1440704985,1,3303571049184,4559,1188030608974,93804
1440704986,1,3303591389789,20340605,1188030846194,237220
1440704987,1,3303591390777,988,1188030849914,3720
1440704988,1,3303591394911,4134,1188030863684,13770
1440704989,1,3303591463655,68744,1188030871518,7834
1440704990,1,3303612134569,20670914,1188031114180,242662
1440704991,1,3303612136667,2098,1188031127643,13463
1440704992,1,3303612139532,2865,1188031131421,3778
1440704993,1,3303612612936,473404,1188031141177,9756
1440704994,1,3303633139579,20526643,1188031391630,250453
1440704995,1,3303633144073,4494,1188031397661,6031
1440704997,2,3303633147324,3251,1188031402956,5295
1440704998,1,3303634107469,960145,1188031421785,18829
1440704999,1,3303652843204,18735735,1188031641734,219949
1440705000,1,3303652849458,6254,1188032154170,512436
1440705001,1,3303652855247,5789,1188032240131,85961
1440705002,1,3303659730602,6875355,1188032325670,85539
1440705003,1,3303673082694,13352092,1188032486802,161132
1440705004,1,3303673084136,1442,1188032500510,13708
1440705005,1,3303673087607,3471,1188032586901,86391
1440705006,1,3303694673595,21585988,1188032877779,290878
1440705007,1,3303694675641,2046,1188032882859,5080
1440705008,1,3303694679581,3940,1188032888775,5916
1440705009,1,3303694683553,3972,1188032896762,7987
1440705010,1,3303714504944,19821391,1188033127059,230297
1440705011,1,3303714508074,3130,1188033132056,4997
1440705012,1,3303714513589,5515,1188033142485,10429
1440705013,1,3303715176863,663274,1188033150255,7770
1440705014,1,3303724511672,9334809,1188033252081,101826
1440705015,1,3303724520998,9326,1188033348217,96136
1440705016,1,3303725598205,1077207,1188033366575,18358
1440705017,1,3303727220192,1621987,1188033388939,22364
1440705018,1,3303744885937,17665745,1188033608622,219683
1440705019,1,3303753746783,8860846,1188033707004,98382
1440705020,1,3303753749036,2253,1188033708617,1613
1440705021,1,3303753753761,4725,1188033720250,11633
1440705022,1,3303766014522,12260761,1188033865251,145001
1440705023,1,3303775095421,9080899,1188033971840,106589
1440705024,1,3303775097911,2490,1188033983333,11493
1440705025,1,3303775099510,1599,1188033985266,1933
1440705026,1,3303795037972,19938462,1188034221366,236100
1440705027,1,3303796275476,1237504,1188034242348,20982
1440705028,1,3303796279179,3703,1188034244572,2224
1440705029,1,3303796280416,1237,1188034245943,1371
1440705030,1,3303816304776,20024360,1188034484679,238736
1440705031,1,3303816306916,2140,1188034487080,2401
1440705032,1,3303816311337,4421,1188034497513,10433
1440705033,1,3303816315051,3714,1188034505719,8206
1440705034,1,3303836559874,20244823,1188034947902,442183
1440705035,1,3303836671627,111753,1188034952121,4219
1440705036,1,3303836680445,8818,1188034960059,7938
1440705037,1,3303836682971,2526,1188034962125,2066
1440705038,1,3303836683999,1028,1188034964077,1952
1440705039,1,3303856551562,19867563,1188035210175,246098
1440705040,1,3303856552925,1363,1188035213502,3327
1440705041,1,3303856554197,1272,1188035215934,2432
1440705042,1,3303856556491,2294,1188035225711,9777
1440705044,2,3303877599797,21043306,1188035472871,247160
1440705045,1,3303877604253,4456,1188035553984,81113
1440705046,1,3303877605931,1678,1188035565706,11722
1440705047,1,3303878273191,667260,1188035577920,12214
1440705048,1,3303898506669,20233478,1188035816266,238346
1440705049,1,3303898507691,1022,1188035828222,11956
1440705050,1,3303898508931,1240,1188035830624,2402
1440705051,1,3303900082555,1573624,1188035854353,23729
1440705052,1,3303919533526,19450971,1188036091568,237215
1440705053,1,3303919536446,2920,1188036094642,3074
1440705054,1,3303919540195,3749,1188036097781,3139
1440705055,1,3303924077668,4537473,1188036165780,67999
1440705056,1,3303940603347,16525679,1188036366166,200386
1440705057,1,3303940607172,3825,1188036369669,3503
1440705058,1,3303940609772,2600,1188036382163,12494
1440705059,1,3303949258431,8648659,1188036488154,105991
1440705060,1,3303961193265,11934834,1188036706952,218798
1440705061,1,3303961193999,734,1188036719498,12546
1440705062,1,3303961200200,6201,1188036844488,124990
1440705063,1,3303977118243,15918043,1188037221496,377008
1440705064,1,3303982920132,5801889,1188037286922,65426
1440705065,1,3303982922278,2146,1188037459850,172928
1440705066,1,3303982924078,1800,1188037463186,3336
1440705067,1,3304002059380,19135302,1188037702360,239174
1440705068,1,3304002698006,638626,1188037713084,10724
1440705069,1,3304002702897,4891,1188037718488,5404
1440705070,1,3304003009033,306136,1188037731710,13222
1440705071,1,3304024054167,21045134,1188037980128,248418
1440705072,1,3304069571098,45516931,1188038037236,57108
1440705073,1,3304117540958,47969860,1188038107852,70616
1440705074,1,3304169826201,52285243,1188038251432,143580
1440705075,1,3304230346992,60520791,1188038637519,386087
1440705076,1,3304230351418,4426,1188038652121,14602
1440705077,1,3304230352270,852,1188038656271,4150
1440705078,1,3304231787872,1435602,1188038679385,23114
1440705079,1,3304252182637,20394765,1188038929745,250360
1440705080,1,3304252183947,1310,1188038934209,4464
1440705081,1,3304252185416,1469,1188038938357,4148
1440705082,1,3304252415310,229894,1188038957263,18906
1440705083,1,3304273269104,20853794,1188039204454,247191
1440705084,1,3304273270720,1616,1188039209734,5280
1440705085,1,3304273274817,4097,1188039224923,15189
1440705086,1,3304273277906,3089,1188039230073,5150
1440705087,1,3304293993205,20715299,1188039479289,249216
1440705088,1,3304341303165,47309960,1188039548957,69668
1440705089,1,3304393009167,51706002,1188039688804,139847
1440705090,1,3304451035702,58026535,1188039756781,67977
1440705091,1,3304455950105,4914403,1188039790528,33747
1440705092,1,3304475906300,19956195,1188040023820,233292
1440705093,1,3304475908712,2412,1188040024726,906
1440705094,1,3304475962408,53696,1188045468412,5443686
1440705095,1,3304478574616,2612208,1188045501720,33308
1440705096,1,3304496871459,18296843,1188045750137,248417
1440705097,1,3304496889654,18195,1188045874865,124728
1440705098,1,3304496891570,1916,1188045875903,1038
1440705099,1,3304501177612,4286042,1188045928430,52527
1440705100,1,3304518128243,16950631,1188046136343,207913
1440705101,1,3304518129207,964,1188046137407,1064
1440705102,1,3304518132907,3700,1188046139556,2149
1440705103,1,3304523843559,5710652,1188046190969,51413
1440705104,1,3304538906130,15062571,1188046449384,258415
1440705106,2,3304538908589,2459,1188046450769,1385
1440705107,1,3304538909715,1126,1188046461841,11072
1440705108,1,3304560197564,21287849,1188046712271,250430
1440705109,1,3304560198696,1132,1188046713717,1446
1440705110,1,3304560200231,1535,1188046725134,11417
1440705111,1,3304560202090,1859,1188046727619,2485
1440705112,1,3304581295260,21093170,1188046976301,248682
1440705113,1,3304581298210,2950,1188046988233,11932
1440705114,1,3304608836169,27537959,1188047025560,37327
1440705115,1,3304661285687,52449518,1188047083852,58292
1440705116,1,3304737869879,76584192,1188047498519,414667
1440705117,1,3304772243771,34373892,1188047635192,136673
1440705118,1,3304772246060,2289,1188047637260,2068
1440705119,1,3304772402081,156021,1188047785461,148201
1440705120,1,3304792719398,20317317,1188047943010,157549
1440705121,1,3304792720652,1254,1188047945172,2162
1440705122,1,3304792721740,1088,1188047956992,11820
1440705123,1,3304792723902,2162,1188047959318,2326
1440705124,1,3304792903857,179955,1188066443733,18484415
1440705125,1,3304792905269,1412,1188066448819,5086
1440705126,1,3304793282421,377152,1188066458347,9528
1440705127,1,3304813415245,20132824,1188066695635,237288
1440705128,1,3304813417393,2148,1188066707927,12292
1440705129,1,3304813420724,3331,1188066711426,3499
1440705130,1,3304815199835,1779111,1188066737534,26108
1440705131,1,3304835058458,19858623,1188066979637,242103
1440705132,1,3304835062408,3950,1188066982907,3270
1440705133,1,3304835068505,6097,1188066986136,3229
1440705134,1,3304837616344,2547839,1188067024491,38355
1440705135,1,3304855159875,17543531,1188067276003,251512
1440705136,1,3304855162527,2652,1188067279233,3230
1440705137,1,3304855164719,2192,1188067291818,12585
1440705138,1,3304863473493,8308774,1188067392986,101168
1440705139,1,3304875648149,12174656,1188067536336,143350
1440705140,1,3304875649195,1046,1188067549254,12918
1440705141,1,3304875683607,34412,1188067701817,152563
1440705142,1,3304896279589,20595982,1188067957288,255471
1440705143,1,3304896281748,2159,1188067961035,3747
1440705144,1,3304896283786,2038,1188067965128,4093
1440705145,1,3304896287982,4196,1188067981257,16129
1440705146,1,3304917048210,20760228,1188068099631,118374
1440705147,1,3304917050696,2486,1188068104205,4574
1440705149,2,3304917052720,2024,1188068117499,13294
1440705150,1,3304917053536,816,1188068121159,3660
1440705151,1,3304937618113,20564577,1188068451237,330078
1440705152,1,3304937621213,3100,1188068465183,13946
1440705153,1,3304937624459,3246,1188068469304,4121
1440705154,1,3304937697599,73140,1188068477027,7723
1440705155,1,3304958096523,20398924,1188068767219,290192
1440705156,1,3304958098589,2066,1188068771729,4510
1440705157,1,3304958099531,942,1188068775831,4102
1440705158,1,3304973808047,15708516,1188068981805,205974
1440705159,1,3304978297173,4489126,1188069038017,56212
1440705160,1,3304978302874,5701,1188069426895,388878
1440705161,1,3304978304270,1396,1188069440739,13844
1440705162,1,3305041067998,62763728,1188069785572,344833
1440705163,1,3305101214885,60146887,1188069856023,70451
1440705164,1,3305159552397,58337512,1188069929417,73394
1440705165,1,3305175139260,15586863,1188070039117,109700
1440705166,1,3305196113658,20974398,1188070289480,250363
1440705167,1,3305196115969,2311,1188070305044,15564
1440705168,1,3305196118505,2536,1188070305943,899
1440705169,1,3305196121192,2687,1188070307799,1856
1440705170,1,3305217424941,21303749,1188070568641,260842
1440705171,1,3305217427121,2180,1188070569749,1108
1440705172,1,3305217428611,1490,1188070570353,604
1440705173,1,3305217569947,141336,1188070584517,14164
1440705174,1,3305237927661,20357714,1188070847852,263335
1440705175,1,3305237929402,1741,1188070849353,1501
1440705176,1,3305237932832,3430,1188070860295,10942
1440705177,1,3305238609484,676652,1188070871417,11122
1440705178,1,3305259663287,21053803,1188071112819,241402
1440705179,1,3305259665790,2503,1188071123616,10797
1440705180,1,3305259669850,4060,1188071203646,80030
1440705181,1,3305261449038,1779188,1188071228342,24696
1440705182,1,3305280983197,19534159,1188071393301,164959
1440705183,1,3305280986367,3170,1188071395411,2110
1440705184,1,3305280992620,6253,1188071398615,3204
1440705185,1,3305283847124,2854504,1188071444571,45956
1440705186,1,3305301480214,17633090,1188071650549,205978
1440705187,1,3305301481264,1050,1188071652025,1476
1440705188,1,3305301485366,4102,1188071656109,4084
1440705189,1,3305308367533,6882167,1188071741902,85793
1440705190,1,3305323121126,14753593,1188071916361,174459
1440705191,1,3305323123159,2033,1188071927974,11613
1440705192,1,3305323125098,1939,1188071929819,1845
1440705193,1,3305338076210,14951112,1188072107579,177760
1440705194,1,3305344342297,6266087,1188072441567,333988
1440705195,1,3305344348451,6154,1188072523502,81935
1440705197,2,3305344353553,5102,1188072526378,2876
1440705198,1,3305364257849,19904296,1188072847326,320948
1440705199,1,3305364265215,7366,1188072916207,68881
1440705200,1,3305364266086,871,1188072928264,12057
1440705201,1,3305364881590,615504,1188072939564,11300
1440705202,1,3305385324450,20442860,1188073178660,239096
1440705203,1,3305385327565,3115,1188073191492,12832
1440705204,1,3305385328881,1316,1188073193830,2338
1440705205,1,3305386629594,1300713,1188073214640,20810
1440705206,1,3305406355382,19725788,1188073445458,230818
1440705207,1,3305406357130,1748,1188073458564,13106
1440705208,1,3305406360791,3661,1188073461481,2917
1440705209,1,3305426995447,20634656,1188073716592,255111
1440705210,1,3305427677103,681656,1188073811855,95263
1440705211,1,3305427680628,3525,1188073815661,3806
1440705212,1,3305427684835,4207,1188073828353,12692
1440705213,1,3305443182055,15497220,1188074012714,184361
1440705214,1,3305448125527,4943472,1188074074559,61845
1440705215,1,3305448127177,1650,1188074087625,13066
1440705216,1,3305448128573,1396,1188074090907,3282
1440705217,1,3305469101748,20973175,1188074341168,250261
1440705218,1,3305469102532,784,1188074353676,12508
1440705219,1,3305469104242,1710,1188074356983,3307
1440705220,1,3305469106743,2501,1188074361075,4092
1440705221,1,3305489984200,20877457,1188074620448,259373
1440705222,1,3305489985932,1732,1188074625240,4792
1440705224,2,3305489986534,602,1188074628660,3420
1440705225,1,3305490127740,141206,1188074723859,95199
1440705226,1,3305511664434,21536694,1188074978064,254205
1440705227,1,3305511666711,2277,1188074981986,3922
1440705228,1,3305511668961,2250,1188074987838,5852
1440705229,1,3305511974162,305201,1188074997649,9811
1440705230,1,3305531808125,19833963,1188075786286,788637
1440705231,1,3305531809267,1142,1188075794098,7812
1440705232,1,3305531810535,1268,1188075798242,4144
1440705233,1,3305533109475,1298940,1188075819078,20836
1440705234,1,3305552289345,19179870,1188076053555,234477
1440705235,1,3305552292466,3121,1188076058084,4529
1440705236,1,3305552294946,2480,1188076063186,5102
1440705237,1,3305558948750,6653804,1188076152174,88988
1440705238,1,3305573099569,14150819,1188076318280,166106
1440705239,1,3305573102982,3413,1188076323062,4782
1440705240,1,3305573106515,3533,1188076408741,85679
1440705241,1,3305594373804,21267289,1188076662179,253438
1440705242,1,3305594387328,13524,1188077013154,350975
1440705243,1,3305594391933,4605,1188077028043,14889
1440705244,1,3305594392725,792,1188077032531,4488
1440705245,1,3305615722127,21329402,1188077304736,272205
1440705246,1,3305615724099,1972,1188077314928,10192
1440705247,1,3305615725812,1713,1188077315435,507
1440705248,1,3305615726790,978,1188077317301,1866
1440705249,1,3305636517859,20791069,1188077569620,252319
1440705250,1,3305636521152,3293,1188077572256,2636
1440705251,1,3305636525135,3983,1188077573239,983
1440705252,1,3305636906319,381184,1188077590431,17192
1440705253,1,3305657238326,20332007,1188077828088,237657
1440705254,1,3305657242032,3706,1188077907709,79621
1440705255,1,3305657245730,3698,1188077911819,4110
1440705256,1,3305658888566,1642836,1188077934943,23124
1440705257,1,3305679116853,20228287,1188078170917,235974
1440705258,1,3305679121894,5041,1188078182410,11493
1440705259,1,3305679125018,3124,1188078184700,2290
1440705260,1,3305686112786,6987768,1188078268460,83760
1440705261,1,3305699498057,13385271,1188078434172,165712
1440705262,1,3305699499281,1224,1188078435700,1528
1440705263,1,3305699505822,6541,1188078514053,78353
1440705264,1,3305717242784,17736962,1188078998428,484375
1440705265,1,3305720979507,3736723,1188079044837,46409
1440705266,1,3305720982109,2602,1188079046966,2129
1440705267,1,3305720985357,3248,1188079059149,12183
1440705268,1,3305741406523,20421166,1188079298973,239824
1440705270,2,3305742035334,628811,1188079401975,103002
1440705271,1,3305742036822,1488,1188079403685,1710
1440705272,1,3305742176268,139446,1188079408188,4503
1440705273,1,3305763835765,21659497,1188079671862,263674
1440705274,1,3305763836937,1172,1188079674266,2404
1440705275,1,3305763838293,1356,1188079676858,2592
1440705276,1,3305763935256,96963,1188079691621,14763
1440705277,1,3305784837808,20902552,1188079936550,244929
1440705278,1,3305784841508,3700,1188079939252,2702
1440705279,1,3305784843696,2188,1188079951235,11983
1440705280,1,3305785068832,225136,1188079957259,6024
1440705281,1,3305798513971,13445139,1188080116590,159331
1440705282,1,3305798514775,804,1188080128420,11830
1440705283,1,3305798519826,5051,1188080147903,19483
1440705284,1,3305798522141,2315,1188080150968,3065
1440705285,1,3305798633891,111750,1188091480744,11329776
1440705286,1,3305798637517,3626,1188091485198,4454
