000 (153393.000.000) 10/24 18:21:06 Job submitted from host: <137.222.74.99:36673>
...
001 (153393.000.000) 10/24 18:51:23 Job executing on host: <10.129.5.177:38022>
...
006 (153393.000.000) 10/24 18:51:31 Image size of job updated: 7
	2  -  MemoryUsage of job (MB)
	1768  -  ResidentSetSize of job (KB)
...
006 (153393.000.000) 10/24 18:56:31 Image size of job updated: 671640
	319  -  MemoryUsage of job (MB)
	326424  -  ResidentSetSize of job (KB)
...
006 (153393.000.000) 10/24 19:01:31 Image size of job updated: 671756
	319  -  MemoryUsage of job (MB)
	326424  -  ResidentSetSize of job (KB)
...
006 (153393.000.000) 10/24 19:11:33 Image size of job updated: 671756
	320  -  MemoryUsage of job (MB)
	326808  -  ResidentSetSize of job (KB)
...
006 (153393.000.000) 10/24 19:16:33 Image size of job updated: 671756
	324  -  MemoryUsage of job (MB)
	331124  -  ResidentSetSize of job (KB)
...
006 (153393.000.000) 10/24 19:21:34 Image size of job updated: 671756
	324  -  MemoryUsage of job (MB)
	331164  -  ResidentSetSize of job (KB)
...
006 (153393.000.000) 10/24 19:26:35 Image size of job updated: 671756
	324  -  MemoryUsage of job (MB)
	331228  -  ResidentSetSize of job (KB)
...
006 (153393.000.000) 10/24 19:30:22 Image size of job updated: 1555296
	324  -  MemoryUsage of job (MB)
	331228  -  ResidentSetSize of job (KB)
...
005 (153393.000.000) 10/24 19:30:23 Job terminated.
	(1) Normal termination (return value 0)
		Usr 0 00:31:20, Sys 0 00:00:32  -  Run Remote Usage
		Usr 0 00:00:00, Sys 0 00:00:00  -  Run Local Usage
		Usr 0 00:31:20, Sys 0 00:00:32  -  Total Remote Usage
		Usr 0 00:00:00, Sys 0 00:00:00  -  Total Local Usage
	110814  -  Run Bytes Sent By Job
	12811  -  Run Bytes Received By Job
	110814  -  Total Bytes Sent By Job
	12811  -  Total Bytes Received By Job
	Partitionable Resources :    Usage  Request Allocated
	   Cpus                 :                 1         1
	   Disk (KB)            :   165190   512000   4621309
	   Memory (MB)          :      324     2048      2048
...
